<?xml version="1.0" encoding="UTF-8" ?>
<<<<<<< HEAD
<testsuite tests="1" failures="0" name="sistema.testes.VeterinarioTest" time="7.147" errors="1" skipped="0">
  <properties>
    <property name="java.runtime.name" value="Java(TM) SE Runtime Environment"/>
    <property name="sun.boot.library.path" value="C:\Program Files\Java\jdk1.8.0_121\jre\bin"/>
    <property name="java.vm.version" value="25.121-b13"/>
=======
<testsuite tests="4" failures="0" name="sistema.testes.VeterinarioTest" time="6.687" errors="0" skipped="0">
  <properties>
    <property name="java.runtime.name" value="Java(TM) SE Runtime Environment"/>
    <property name="sun.boot.library.path" value="C:\Program Files\Java\jdk1.8.0_101\jre\bin"/>
    <property name="java.vm.version" value="25.101-b13"/>
>>>>>>> 7e0c318664e6da9fd058b006d4e7c01946585e6c
    <property name="java.vm.vendor" value="Oracle Corporation"/>
    <property name="java.vendor.url" value="http://java.oracle.com/"/>
    <property name="path.separator" value=";"/>
    <property name="guice.disable.misplaced.annotation.check" value="true"/>
    <property name="java.vm.name" value="Java HotSpot(TM) 64-Bit Server VM"/>
    <property name="file.encoding.pkg" value="sun.io"/>
    <property name="user.script" value=""/>
    <property name="user.country" value="BR"/>
    <property name="sun.java.launcher" value="SUN_STANDARD"/>
<<<<<<< HEAD
    <property name="sun.os.patch.level" value=""/>
    <property name="test" value="sistema.testes.VeterinarioTest#selectSqlNativeNamedQueryTeste"/>
    <property name="java.vm.specification.name" value="Java Virtual Machine Specification"/>
    <property name="user.dir" value="C:\Users\jonathanpereira\Documents\SourceTree\Projetos Facul\Projeto\sistemaPetShop"/>
    <property name="java.runtime.version" value="1.8.0_121-b13"/>
    <property name="java.awt.graphicsenv" value="sun.awt.Win32GraphicsEnvironment"/>
    <property name="java.endorsed.dirs" value="C:\Program Files\Java\jdk1.8.0_121\jre\lib\endorsed"/>
    <property name="os.arch" value="amd64"/>
    <property name="java.io.tmpdir" value="C:\Users\JONATH~1\AppData\Local\Temp\"/>
=======
    <property name="sun.os.patch.level" value="Service Pack 1"/>
    <property name="java.vm.specification.name" value="Java Virtual Machine Specification"/>
    <property name="user.dir" value="C:\Users\allanfreitas\Documents\Projeto-software-corporativo\Projeto\sistemaPetShop"/>
    <property name="java.runtime.version" value="1.8.0_101-b13"/>
    <property name="java.awt.graphicsenv" value="sun.awt.Win32GraphicsEnvironment"/>
    <property name="java.endorsed.dirs" value="C:\Program Files\Java\jdk1.8.0_101\jre\lib\endorsed"/>
    <property name="os.arch" value="amd64"/>
    <property name="java.io.tmpdir" value="C:\Users\ALLANF~1\AppData\Local\Temp\"/>
>>>>>>> 7e0c318664e6da9fd058b006d4e7c01946585e6c
    <property name="line.separator" value="
"/>
    <property name="java.vm.specification.vendor" value="Oracle Corporation"/>
    <property name="user.variant" value=""/>
    <property name="os.name" value="Windows 7"/>
    <property name="maven.ext.class.path" value="C:\Program Files\NetBeans 8.2\java\maven-nblib\netbeans-eventspy.jar"/>
    <property name="classworlds.conf" value="C:\Program Files\NetBeans 8.2\java\maven\bin\m2.conf"/>
    <property name="sun.jnu.encoding" value="Cp1252"/>
<<<<<<< HEAD
    <property name="java.library.path" value="C:\Program Files\Java\jdk1.8.0_121\bin;C:\WINDOWS\Sun\Java\bin;C:\WINDOWS\system32;C:\WINDOWS;C:\ProgramData\Oracle\Java\javapath;C:\WINDOWS\system32;C:\WINDOWS;C:\WINDOWS\System32\Wbem;C:\WINDOWS\System32\WindowsPowerShell\v1.0\;C:\Program Files\nodejs\;C:\Program Files (x86)\Windows Kits\10\Windows Performance Toolkit\;C:\Program Files\Git\cmd;C:\Program Files\Microsoft SQL Server\130\Tools\Binn\;C:\Program Files\MySQL\MySQL Utilities 1.6\;C:\Users\jonathanpereira\AppData\Local\Microsoft\WindowsApps;C:\Users\jonathanpereira\AppData\Roaming\npm;C:\Users\jonathanpereira\AppData\Local\Programs\MiKTeX 2.9\miktex\bin\x64\;C:\Program Files (x86)\Microsoft VS Code\bin;."/>
    <property name="java.specification.name" value="Java Platform API Specification"/>
    <property name="java.class.version" value="52.0"/>
    <property name="sun.management.compiler" value="HotSpot 64-Bit Tiered Compilers"/>
    <property name="os.version" value="10.0"/>
    <property name="jpda.listen" value="true"/>
    <property name="jpda.address" value="54803"/>
    <property name="user.home" value="C:\Users\jonathanpereira"/>
=======
    <property name="java.library.path" value="C:\Program Files\Java\jdk1.8.0_101\bin;C:\Windows\Sun\Java\bin;C:\Windows\system32;C:\Windows;C:\ProgramData\Oracle\Java\javapath;C:\Windows\system32;C:\Windows;C:\Windows\System32\Wbem;C:\Windows\System32\WindowsPowerShell\v1.0\;C:\Program Files (x86)\Intel\OpenCL SDK\2.0\bin\x86;C:\Program Files (x86)\Intel\OpenCL SDK\2.0\bin\x64;C:\Program Files (x86)\ArcGIS\EsriProductionMapping\Desktop10.1\Bin;C:\Program Files (x86)\ArcGIS\Desktop10.1\Bin;C:\Program Files\TortoiseSVN\bin;C:\Program Files\Microsoft SQL Server\130\Tools\Binn\;C:\Program Files\Java\jdk1.8.0_101\bin;C:\Program Files\NodeJS\;C:\Program Files\dotnet\;C:\Program Files\Git\cmd; C:\Users\allanfreitas\AppData\Local\Android\android-sdk\platform-tools\;C:\Program Files\MySQL\MySQL Utilities 1.6\;C:\Users\allanfreitas\AppData\Roaming\npm;C:\Program Files\Java\jdk1.8.0_101;C:\Program Files (x86)\Microsoft VS Code\bin;C:\Users\allanfreitas\AppData\Local\Programs\MiKTeX 2.9\miktex\bin\x64\;."/>
    <property name="java.specification.name" value="Java Platform API Specification"/>
    <property name="java.class.version" value="52.0"/>
    <property name="sun.management.compiler" value="HotSpot 64-Bit Tiered Compilers"/>
    <property name="os.version" value="6.1"/>
    <property name="user.home" value="C:\Users\allanfreitas"/>
>>>>>>> 7e0c318664e6da9fd058b006d4e7c01946585e6c
    <property name="user.timezone" value="America/Cayenne"/>
    <property name="java.awt.printerjob" value="sun.awt.windows.WPrinterJob"/>
    <property name="java.specification.version" value="1.8"/>
    <property name="file.encoding" value="UTF-8"/>
<<<<<<< HEAD
    <property name="user.name" value="jonathanpereira"/>
=======
    <property name="user.name" value="allanfreitas"/>
>>>>>>> 7e0c318664e6da9fd058b006d4e7c01946585e6c
    <property name="java.class.path" value="C:\Program Files\NetBeans 8.2\java\maven\boot\plexus-classworlds-2.4.jar"/>
    <property name="maven.surefire.debug" value="-Xdebug -Xrunjdwp:transport=dt_socket,server=n,address=54803"/>
    <property name="java.vm.specification.version" value="1.8"/>
    <property name="sun.arch.data.model" value="64"/>
<<<<<<< HEAD
    <property name="java.home" value="C:\Program Files\Java\jdk1.8.0_121\jre"/>
    <property name="sun.java.command" value="org.codehaus.plexus.classworlds.launcher.Launcher -Dtest=sistema.testes.VeterinarioTest#selectSqlNativeNamedQueryTeste -DforkMode=once -Dmaven.surefire.debug=-Xdebug -Xrunjdwp:transport=dt_socket,server=n,address=54803 -Djpda.listen=true -Djpda.address=54803 -Dmaven.ext.class.path=C:\Program Files\NetBeans 8.2\java\maven-nblib\netbeans-eventspy.jar -Dfile.encoding=UTF-8 surefire:test"/>
=======
    <property name="java.home" value="C:\Program Files\Java\jdk1.8.0_101\jre"/>
    <property name="sun.java.command" value="org.codehaus.plexus.classworlds.launcher.Launcher -Dmaven.ext.class.path=C:\Program Files\NetBeans 8.2\java\maven-nblib\netbeans-eventspy.jar -Dfile.encoding=UTF-8 install"/>
>>>>>>> 7e0c318664e6da9fd058b006d4e7c01946585e6c
    <property name="java.specification.vendor" value="Oracle Corporation"/>
    <property name="user.language" value="pt"/>
    <property name="awt.toolkit" value="sun.awt.windows.WToolkit"/>
    <property name="java.vm.info" value="mixed mode"/>
<<<<<<< HEAD
    <property name="java.version" value="1.8.0_121"/>
    <property name="java.ext.dirs" value="C:\Program Files\Java\jdk1.8.0_121\jre\lib\ext;C:\WINDOWS\Sun\Java\lib\ext"/>
    <property name="sun.boot.class.path" value="C:\Program Files\Java\jdk1.8.0_121\jre\lib\resources.jar;C:\Program Files\Java\jdk1.8.0_121\jre\lib\rt.jar;C:\Program Files\Java\jdk1.8.0_121\jre\lib\sunrsasign.jar;C:\Program Files\Java\jdk1.8.0_121\jre\lib\jsse.jar;C:\Program Files\Java\jdk1.8.0_121\jre\lib\jce.jar;C:\Program Files\Java\jdk1.8.0_121\jre\lib\charsets.jar;C:\Program Files\Java\jdk1.8.0_121\jre\lib\jfr.jar;C:\Program Files\Java\jdk1.8.0_121\jre\classes"/>
=======
    <property name="java.version" value="1.8.0_101"/>
    <property name="java.ext.dirs" value="C:\Program Files\Java\jdk1.8.0_101\jre\lib\ext;C:\Windows\Sun\Java\lib\ext"/>
    <property name="sun.boot.class.path" value="C:\Program Files\Java\jdk1.8.0_101\jre\lib\resources.jar;C:\Program Files\Java\jdk1.8.0_101\jre\lib\rt.jar;C:\Program Files\Java\jdk1.8.0_101\jre\lib\sunrsasign.jar;C:\Program Files\Java\jdk1.8.0_101\jre\lib\jsse.jar;C:\Program Files\Java\jdk1.8.0_101\jre\lib\jce.jar;C:\Program Files\Java\jdk1.8.0_101\jre\lib\charsets.jar;C:\Program Files\Java\jdk1.8.0_101\jre\lib\jfr.jar;C:\Program Files\Java\jdk1.8.0_101\jre\classes"/>
>>>>>>> 7e0c318664e6da9fd058b006d4e7c01946585e6c
    <property name="java.vendor" value="Oracle Corporation"/>
    <property name="maven.home" value="C:\Program Files\NetBeans 8.2\java\maven"/>
    <property name="file.separator" value="\"/>
    <property name="java.vendor.url.bug" value="http://bugreport.sun.com/bugreport/"/>
    <property name="forkMode" value="once"/>
    <property name="sun.cpu.endian" value="little"/>
    <property name="sun.io.unicode.encoding" value="UnicodeLittle"/>
    <property name="sun.desktop" value="windows"/>
    <property name="sun.cpu.isalist" value="amd64"/>
  </properties>
<<<<<<< HEAD
  <testcase classname="sistema.testes.VeterinarioTest" name="selectSqlNativeNamedQueryTeste" time="7.039">
    <error message="Exception [EclipseLink-6044] (Eclipse Persistence Services - 2.5.2.v20140319-9ad6abd): org.eclipse.persistence.exceptions.QueryException
Exception Description: The primary key read from the row [ArrayRecord(
	tb_Veterinario.id_veterinario =&gt; 3
	tb_Veterinario.str_crmv =&gt; 54214554
	tb_Veterinario.str_especialidade =&gt; Cardiaco)] during the execution of the query was detected to be null.  Primary keys must not contain null.
Query: ReadAllQuery(name=&quot;Veterinario.PorEspecialidade&quot; referenceClass=Veterinario sql=&quot;select id_veterinario, str_crmv, str_especialidade from sistemapet.tb_veterinario where str_especialidade like ? order by str_crmv;&quot;)" type="javax.persistence.PersistenceException">javax.persistence.PersistenceException: Exception [EclipseLink-6044] (Eclipse Persistence Services - 2.5.2.v20140319-9ad6abd): org.eclipse.persistence.exceptions.QueryException
Exception Description: The primary key read from the row [ArrayRecord(
	tb_Veterinario.id_veterinario =&gt; 3
	tb_Veterinario.str_crmv =&gt; 54214554
	tb_Veterinario.str_especialidade =&gt; Cardiaco)] during the execution of the query was detected to be null.  Primary keys must not contain null.
Query: ReadAllQuery(name=&quot;Veterinario.PorEspecialidade&quot; referenceClass=Veterinario sql=&quot;select id_veterinario, str_crmv, str_especialidade from sistemapet.tb_veterinario where str_especialidade like ? order by str_crmv;&quot;)
	at org.eclipse.persistence.internal.jpa.QueryImpl.getResultList(QueryImpl.java:480)
	at sistema.testes.VeterinarioTest.selectSqlNativeNamedQueryTeste(VeterinarioTest.java:190)
	at sun.reflect.NativeMethodAccessorImpl.invoke0(Native Method)
	at sun.reflect.NativeMethodAccessorImpl.invoke(NativeMethodAccessorImpl.java:62)
	at sun.reflect.DelegatingMethodAccessorImpl.invoke(DelegatingMethodAccessorImpl.java:43)
	at java.lang.reflect.Method.invoke(Method.java:498)
	at org.junit.runners.model.FrameworkMethod$1.runReflectiveCall(FrameworkMethod.java:47)
	at org.junit.internal.runners.model.ReflectiveCallable.run(ReflectiveCallable.java:12)
	at org.junit.runners.model.FrameworkMethod.invokeExplosively(FrameworkMethod.java:44)
	at org.junit.internal.runners.statements.InvokeMethod.evaluate(InvokeMethod.java:17)
	at org.junit.internal.runners.statements.RunBefores.evaluate(RunBefores.java:26)
	at org.junit.internal.runners.statements.RunAfters.evaluate(RunAfters.java:27)
	at org.junit.runners.ParentRunner.runLeaf(ParentRunner.java:271)
	at org.junit.runners.BlockJUnit4ClassRunner.runChild(BlockJUnit4ClassRunner.java:70)
	at org.junit.runners.BlockJUnit4ClassRunner.runChild(BlockJUnit4ClassRunner.java:50)
	at org.junit.runners.ParentRunner$3.run(ParentRunner.java:238)
	at org.junit.runners.ParentRunner$1.schedule(ParentRunner.java:63)
	at org.junit.runners.ParentRunner.runChildren(ParentRunner.java:236)
	at org.junit.runners.ParentRunner.access$000(ParentRunner.java:53)
	at org.junit.runners.ParentRunner$2.evaluate(ParentRunner.java:229)
	at org.junit.internal.runners.statements.RunBefores.evaluate(RunBefores.java:26)
	at org.junit.internal.runners.statements.RunAfters.evaluate(RunAfters.java:27)
	at org.junit.runners.ParentRunner.run(ParentRunner.java:309)
	at org.apache.maven.surefire.junit4.JUnit4TestSet.execute(JUnit4TestSet.java:45)
	at org.apache.maven.surefire.junit4.JUnit4Provider.executeTestSet(JUnit4Provider.java:123)
	at org.apache.maven.surefire.junit4.JUnit4Provider.invoke(JUnit4Provider.java:104)
	at sun.reflect.NativeMethodAccessorImpl.invoke0(Native Method)
	at sun.reflect.NativeMethodAccessorImpl.invoke(NativeMethodAccessorImpl.java:62)
	at sun.reflect.DelegatingMethodAccessorImpl.invoke(DelegatingMethodAccessorImpl.java:43)
	at java.lang.reflect.Method.invoke(Method.java:498)
	at org.apache.maven.surefire.util.ReflectionUtils.invokeMethodWithArray(ReflectionUtils.java:164)
	at org.apache.maven.surefire.booter.ProviderFactory$ProviderProxy.invoke(ProviderFactory.java:110)
	at org.apache.maven.surefire.booter.SurefireStarter.invokeProvider(SurefireStarter.java:175)
	at org.apache.maven.surefire.booter.SurefireStarter.runSuitesInProcessWhenForked(SurefireStarter.java:107)
	at org.apache.maven.surefire.booter.ForkedBooter.main(ForkedBooter.java:68)
Caused by: Exception [EclipseLink-6044] (Eclipse Persistence Services - 2.5.2.v20140319-9ad6abd): org.eclipse.persistence.exceptions.QueryException
Exception Description: The primary key read from the row [ArrayRecord(
	tb_Veterinario.id_veterinario =&gt; 3
	tb_Veterinario.str_crmv =&gt; 54214554
	tb_Veterinario.str_especialidade =&gt; Cardiaco)] during the execution of the query was detected to be null.  Primary keys must not contain null.
Query: ReadAllQuery(name=&quot;Veterinario.PorEspecialidade&quot; referenceClass=Veterinario sql=&quot;select id_veterinario, str_crmv, str_especialidade from sistemapet.tb_veterinario where str_especialidade like ? order by str_crmv;&quot;)
	at org.eclipse.persistence.exceptions.QueryException.nullPrimaryKeyInBuildingObject(QueryException.java:922)
	at org.eclipse.persistence.internal.descriptors.ObjectBuilder.buildObject(ObjectBuilder.java:715)
	at org.eclipse.persistence.internal.descriptors.ObjectBuilder.buildObject(ObjectBuilder.java:688)
	at org.eclipse.persistence.queries.ObjectLevelReadQuery.buildObject(ObjectLevelReadQuery.java:795)
	at org.eclipse.persistence.queries.ReadAllQuery.registerResultInUnitOfWork(ReadAllQuery.java:890)
	at org.eclipse.persistence.queries.ReadAllQuery.executeObjectLevelReadQuery(ReadAllQuery.java:509)
	at org.eclipse.persistence.queries.ObjectLevelReadQuery.executeDatabaseQuery(ObjectLevelReadQuery.java:1168)
	at org.eclipse.persistence.queries.DatabaseQuery.execute(DatabaseQuery.java:899)
	at org.eclipse.persistence.queries.ObjectLevelReadQuery.execute(ObjectLevelReadQuery.java:1127)
	at org.eclipse.persistence.queries.ReadAllQuery.execute(ReadAllQuery.java:403)
	at org.eclipse.persistence.queries.ObjectLevelReadQuery.executeInUnitOfWork(ObjectLevelReadQuery.java:1215)
	at org.eclipse.persistence.internal.sessions.UnitOfWorkImpl.internalExecuteQuery(UnitOfWorkImpl.java:2896)
	at org.eclipse.persistence.internal.sessions.AbstractSession.executeQuery(AbstractSession.java:1804)
	at org.eclipse.persistence.internal.sessions.AbstractSession.executeQuery(AbstractSession.java:1786)
	at org.eclipse.persistence.internal.sessions.AbstractSession.executeQuery(AbstractSession.java:1751)
	at org.eclipse.persistence.internal.jpa.QueryImpl.executeReadQuery(QueryImpl.java:258)
	at org.eclipse.persistence.internal.jpa.QueryImpl.getResultList(QueryImpl.java:469)
	... 34 more
</error>
    <system-out>[EL Config]: metadata: 2017-05-05 16:10:24.033--ServerSession(547201549)--Thread(Thread[main,5,main])--The target entity (reference) class for the one to one mapping element [field endereco] is being defaulted to: class com.sistema.model.Endereco.
[EL Config]: metadata: 2017-05-05 16:10:24.05--ServerSession(547201549)--Thread(Thread[main,5,main])--The target entity (reference) class for the one to many mapping element [field listaConsultaGeral] is being defaulted to: class com.sistema.model.ConsultaGeral.
[EL Config]: metadata: 2017-05-05 16:10:24.051--ServerSession(547201549)--Thread(Thread[main,5,main])--The target entity (reference) class for the many to one mapping element [field exame] is being defaulted to: class com.sistema.model.Exame.
[EL Config]: metadata: 2017-05-05 16:10:24.051--ServerSession(547201549)--Thread(Thread[main,5,main])--The target entity (reference) class for the many to one mapping element [field veterinario] is being defaulted to: class com.sistema.model.Veterinario.
[EL Config]: metadata: 2017-05-05 16:10:24.052--ServerSession(547201549)--Thread(Thread[main,5,main])--The target entity (reference) class for the many to one mapping element [field pet] is being defaulted to: class com.sistema.model.Pet.
[EL Config]: metadata: 2017-05-05 16:10:24.052--ServerSession(547201549)--Thread(Thread[main,5,main])--The access type for the persistent class [class com.sistema.model.Veterinario] is set to [FIELD].
[EL Config]: metadata: 2017-05-05 16:10:24.052--ServerSession(547201549)--Thread(Thread[main,5,main])--The target entity (reference) class for the one to many mapping element [field ListaConsultaMedica] is being defaulted to: class com.sistema.model.ConsultaMedica.
[EL Config]: metadata: 2017-05-05 16:10:24.053--ServerSession(547201549)--Thread(Thread[main,5,main])--The target entity (reference) class for the many to one mapping element [field cliente] is being defaulted to: class com.sistema.model.Cliente.
[EL Config]: metadata: 2017-05-05 16:10:24.053--ServerSession(547201549)--Thread(Thread[main,5,main])--The target entity (reference) class for the one to many mapping element [field listaConsultaGeral] is being defaulted to: class com.sistema.model.ConsultaGeral.
[EL Config]: metadata: 2017-05-05 16:10:24.054--ServerSession(547201549)--Thread(Thread[main,5,main])--The access type for the persistent class [class com.sistema.model.Pet] is set to [FIELD].
[EL Config]: metadata: 2017-05-05 16:10:24.054--ServerSession(547201549)--Thread(Thread[main,5,main])--The target entity (reference) class for the many to one mapping element [field cliente] is being defaulted to: class com.sistema.model.Cliente.
[EL Config]: metadata: 2017-05-05 16:10:24.054--ServerSession(547201549)--Thread(Thread[main,5,main])--The target entity (reference) class for the one to many mapping element [field ListaConsultaMedica] is being defaulted to: class com.sistema.model.ConsultaMedica.
[EL Config]: metadata: 2017-05-05 16:10:24.055--ServerSession(547201549)--Thread(Thread[main,5,main])--The target entity (reference) class for the many to one mapping element [field funcionario] is being defaulted to: class com.sistema.model.Funcionario.
[EL Config]: metadata: 2017-05-05 16:10:24.055--ServerSession(547201549)--Thread(Thread[main,5,main])--The target entity (reference) class for the many to one mapping element [field servico] is being defaulted to: class com.sistema.model.Servico.
[EL Config]: metadata: 2017-05-05 16:10:24.056--ServerSession(547201549)--Thread(Thread[main,5,main])--The target entity (reference) class for the one to many mapping element [field listaConsultaMedica] is being defaulted to: class com.sistema.model.ConsultaMedica.
[EL Config]: metadata: 2017-05-05 16:10:24.056--ServerSession(547201549)--Thread(Thread[main,5,main])--The target entity (reference) class for the one to many mapping element [field cartao] is being defaulted to: class com.sistema.model.Cartao.
[EL Config]: metadata: 2017-05-05 16:10:24.057--ServerSession(547201549)--Thread(Thread[main,5,main])--The target entity (reference) class for the one to many mapping element [field listaPet] is being defaulted to: class com.sistema.model.Pet.
[EL Config]: metadata: 2017-05-05 16:10:24.058--ServerSession(547201549)--Thread(Thread[main,5,main])--The target entity (reference) class for the one to one mapping element [field usuario] is being defaulted to: class com.sistema.model.Usuario.
[EL Config]: metadata: 2017-05-05 16:10:24.059--ServerSession(547201549)--Thread(Thread[main,5,main])--The alias name for the entity class [class com.sistema.model.Consulta] is being defaulted to: Consulta.
[EL Config]: metadata: 2017-05-05 16:10:24.085--ServerSession(547201549)--Thread(Thread[main,5,main])--The alias name for the entity class [class com.sistema.model.Funcionario] is being defaulted to: Funcionario.
[EL Config]: metadata: 2017-05-05 16:10:24.086--ServerSession(547201549)--Thread(Thread[main,5,main])--The alias name for the entity class [class com.sistema.model.Usuario] is being defaulted to: Usuario.
[EL Config]: metadata: 2017-05-05 16:10:24.087--ServerSession(547201549)--Thread(Thread[main,5,main])--The alias name for the entity class [class com.sistema.model.ConsultaMedica] is being defaulted to: ConsultaMedica.
[EL Config]: metadata: 2017-05-05 16:10:24.087--ServerSession(547201549)--Thread(Thread[main,5,main])--The alias name for the entity class [class com.sistema.model.Veterinario] is being defaulted to: Veterinario.
[EL Config]: metadata: 2017-05-05 16:10:24.089--ServerSession(547201549)--Thread(Thread[main,5,main])--The alias name for the entity class [class com.sistema.model.Cartao] is being defaulted to: Cartao.
[EL Config]: metadata: 2017-05-05 16:10:24.089--ServerSession(547201549)--Thread(Thread[main,5,main])--The alias name for the entity class [class com.sistema.model.Servico] is being defaulted to: Servico.
[EL Config]: metadata: 2017-05-05 16:10:24.09--ServerSession(547201549)--Thread(Thread[main,5,main])--The alias name for the entity class [class com.sistema.model.Pet] is being defaulted to: Pet.
[EL Config]: metadata: 2017-05-05 16:10:24.09--ServerSession(547201549)--Thread(Thread[main,5,main])--The alias name for the entity class [class com.sistema.model.ConsultaGeral] is being defaulted to: ConsultaGeral.
[EL Config]: metadata: 2017-05-05 16:10:24.09--ServerSession(547201549)--Thread(Thread[main,5,main])--The alias name for the entity class [class com.sistema.model.Exame] is being defaulted to: Exame.
[EL Config]: metadata: 2017-05-05 16:10:24.091--ServerSession(547201549)--Thread(Thread[main,5,main])--The alias name for the entity class [class com.sistema.model.Cliente] is being defaulted to: Cliente.
[EL Config]: metadata: 2017-05-05 16:10:24.091--ServerSession(547201549)--Thread(Thread[main,5,main])--The alias name for the entity class [class com.sistema.model.Endereco] is being defaulted to: Endereco.
[EL Info]: 2017-05-05 16:10:26.512--ServerSession(547201549)--Thread(Thread[main,5,main])--EclipseLink, version: Eclipse Persistence Services - 2.5.2.v20140319-9ad6abd
[EL Fine]: connection: 2017-05-05 16:10:26.523--Thread(Thread[main,5,main])--Detected database platform: org.eclipse.persistence.platform.database.MySQLPlatform
[EL Config]: connection: 2017-05-05 16:10:26.535--ServerSession(547201549)--Connection(911201454)--Thread(Thread[main,5,main])--connecting(DatabaseLogin(
	platform=&gt;MySQLPlatform
	user name=&gt; &quot;root&quot;
	datasource URL=&gt; &quot;jdbc:mysql://localhost:3306/sistemapet?zeroDateTimeBehavior=convertToNull&quot;
))
[EL Config]: connection: 2017-05-05 16:10:26.541--ServerSession(547201549)--Connection(59930654)--Thread(Thread[main,5,main])--Connected: jdbc:mysql://localhost:3306/sistemapet?zeroDateTimeBehavior=convertToNull
	User: root@localhost
	Database: MySQL  Version: 5.7.18-log
	Driver: MySQL Connector Java  Version: mysql-connector-java-5.1.34 ( Revision: jess.balint@oracle.com-20141014163213-wqbwpf1ok2kvo1om )
[EL Warning]: metadata: 2017-05-05 16:10:26.551--ServerSession(547201549)--Thread(Thread[main,5,main])--Reverting the lazy setting on the OneToOne or ManyToOne attribute [endereco] for the entity class [class com.sistema.model.Usuario] since weaving was not enabled or did not occur.
[EL Warning]: metadata: 2017-05-05 16:10:26.599--ServerSession(547201549)--Thread(Thread[main,5,main])--Reverting the lazy setting on the OneToOne or ManyToOne attribute [exame] for the entity class [class com.sistema.model.ConsultaMedica] since weaving was not enabled or did not occur.
[EL Warning]: metadata: 2017-05-05 16:10:26.599--ServerSession(547201549)--Thread(Thread[main,5,main])--Reverting the lazy setting on the OneToOne or ManyToOne attribute [veterinario] for the entity class [class com.sistema.model.ConsultaMedica] since weaving was not enabled or did not occur.
[EL Warning]: metadata: 2017-05-05 16:10:26.599--ServerSession(547201549)--Thread(Thread[main,5,main])--Reverting the lazy setting on the OneToOne or ManyToOne attribute [pet] for the entity class [class com.sistema.model.ConsultaMedica] since weaving was not enabled or did not occur.
[EL Warning]: metadata: 2017-05-05 16:10:26.6--ServerSession(547201549)--Thread(Thread[main,5,main])--Reverting the lazy setting on the OneToOne or ManyToOne attribute [cliente] for the entity class [class com.sistema.model.Pet] since weaving was not enabled or did not occur.
[EL Warning]: metadata: 2017-05-05 16:10:26.601--ServerSession(547201549)--Thread(Thread[main,5,main])--Reverting the lazy setting on the OneToOne or ManyToOne attribute [funcionario] for the entity class [class com.sistema.model.ConsultaGeral] since weaving was not enabled or did not occur.
[EL Warning]: metadata: 2017-05-05 16:10:26.601--ServerSession(547201549)--Thread(Thread[main,5,main])--Reverting the lazy setting on the OneToOne or ManyToOne attribute [servico] for the entity class [class com.sistema.model.ConsultaGeral] since weaving was not enabled or did not occur.
[EL Warning]: metadata: 2017-05-05 16:10:26.601--ServerSession(547201549)--Thread(Thread[main,5,main])--Reverting the lazy setting on the OneToOne or ManyToOne attribute [usuario] for the entity class [class com.sistema.model.Endereco] since weaving was not enabled or did not occur.
[EL Warning]: metadata: 2017-05-05 16:10:26.602--ServerSession(547201549)--Thread(Thread[main,5,main])--Reverting the lazy setting on the OneToOne or ManyToOne attribute [cliente] for the entity class [class com.sistema.model.Cartao] since weaving was not enabled or did not occur.
[EL Info]: connection: 2017-05-05 16:10:26.631--ServerSession(547201549)--Thread(Thread[main,5,main])--file:/C:/Users/jonathanpereira/Documents/SourceTree/Projetos Facul/Projeto/sistemaPetShop/target/classes/_sistemapetshopPU login successful
[EL Fine]: sql: 2017-05-05 16:10:30.61--ClientSession(997770883)--Connection(59930654)--Thread(Thread[main,5,main])--select id_veterinario, str_crmv, str_especialidade from sistemapet.tb_veterinario where str_especialidade like ? order by str_crmv;
	bind =&gt; [Cardiaco]
[EL Warning]: 2017-05-05 16:10:30.62--UnitOfWork(1493274349)--Thread(Thread[main,5,main])--Exception [EclipseLink-6044] (Eclipse Persistence Services - 2.5.2.v20140319-9ad6abd): org.eclipse.persistence.exceptions.QueryException
Exception Description: The primary key read from the row [ArrayRecord(
	tb_Veterinario.id_veterinario =&gt; 3
	tb_Veterinario.str_crmv =&gt; 54214554
	tb_Veterinario.str_especialidade =&gt; Cardiaco)] during the execution of the query was detected to be null.  Primary keys must not contain null.
Query: ReadAllQuery(name=&quot;Veterinario.PorEspecialidade&quot; referenceClass=Veterinario sql=&quot;select id_veterinario, str_crmv, str_especialidade from sistemapet.tb_veterinario where str_especialidade like ? order by str_crmv;&quot;)
</system-out>
    <system-err>mai 05, 2017 4:10:25 PM org.hibernate.validator.internal.util.Version &lt;clinit&gt;
INFO: HV000001: Hibernate Validator 5.1.3.Final
</system-err>
  </testcase>
=======
  <testcase classname="sistema.testes.VeterinarioTest" name="atualizaVeterinarioValidoTeste" time="1.427"/>
  <testcase classname="sistema.testes.VeterinarioTest" name="criaVeterinarioValidoTeste" time="1.872"/>
  <testcase classname="sistema.testes.VeterinarioTest" name="atualizaVeterinarioInvalidoTeste" time="1.514"/>
  <testcase classname="sistema.testes.VeterinarioTest" name="criaVeterinarioInvalidoTeste" time="1.874"/>
>>>>>>> 7e0c318664e6da9fd058b006d4e7c01946585e6c
</testsuite>