<?xml version="1.0" encoding="UTF-8" ?>
<testsuite tests="12" failures="1" name="sistema.testes.VeterinarioTest" time="25.983" errors="3" skipped="0">
  <properties>
    <property name="java.runtime.name" value="Java(TM) SE Runtime Environment"/>
    <property name="sun.boot.library.path" value="C:\Program Files\Java\jdk1.8.0_65\jre\bin"/>
    <property name="java.vm.version" value="25.65-b01"/>
    <property name="java.vm.vendor" value="Oracle Corporation"/>
    <property name="java.vendor.url" value="http://java.oracle.com/"/>
    <property name="path.separator" value=";"/>
    <property name="guice.disable.misplaced.annotation.check" value="true"/>
    <property name="java.vm.name" value="Java HotSpot(TM) 64-Bit Server VM"/>
    <property name="file.encoding.pkg" value="sun.io"/>
    <property name="user.script" value=""/>
    <property name="user.country" value="BR"/>
    <property name="sun.java.launcher" value="SUN_STANDARD"/>
    <property name="sun.os.patch.level" value=""/>
    <property name="java.vm.specification.name" value="Java Virtual Machine Specification"/>
    <property name="user.dir" value="C:\Users\LuisHenrique\Documents\Projeto-software-corporativo\Projeto\sistemaPetShop"/>
    <property name="java.runtime.version" value="1.8.0_65-b17"/>
    <property name="java.awt.graphicsenv" value="sun.awt.Win32GraphicsEnvironment"/>
    <property name="java.endorsed.dirs" value="C:\Program Files\Java\jdk1.8.0_65\jre\lib\endorsed"/>
    <property name="os.arch" value="amd64"/>
    <property name="java.io.tmpdir" value="C:\Users\LUISHE~1\AppData\Local\Temp\"/>
    <property name="line.separator" value="
"/>
    <property name="java.vm.specification.vendor" value="Oracle Corporation"/>
    <property name="user.variant" value=""/>
    <property name="os.name" value="Windows 8.1"/>
    <property name="maven.ext.class.path" value="C:\Program Files\NetBeans 8.1\java\maven-nblib\netbeans-eventspy.jar"/>
    <property name="classworlds.conf" value="C:\Program Files\NetBeans 8.1\java\maven\bin\m2.conf"/>
    <property name="sun.jnu.encoding" value="Cp1252"/>
    <property name="java.library.path" value="C:\Program Files\Java\jdk1.8.0_65\bin;C:\Windows\Sun\Java\bin;C:\Windows\system32;C:\Windows;C:\Program Files (x86)\NVIDIA Corporation\PhysX\Common;C:\ProgramData\Oracle\Java\javapath;C:\Windows\system32;C:\Windows;C:\Windows\System32\Wbem;C:\Windows\System32\WindowsPowerShell\v1.0\;C:\Program Files (x86)\Skype\Phone\;C:\Program Files (x86)\BaseX\bin;C:\Program Files (x86)\Intel\OpenCL SDK\3.0\bin\x86;C:\Program Files (x86)\Intel\OpenCL SDK\3.0\bin\x64;C:\Program Files\Microsoft SQL Server\130\Tools\Binn\;C:\Program Files\Microsoft\Web Platform Installer\;C:\Program Files (x86)\Windows Kits\8.1\Windows Performance Toolkit\;C:\Program Files\Git\cmd;C:\Program Files\dotnet\;C:\Program Files (x86)\Microsoft SQL Server\110\DTS\Binn\;C:\Program Files (x86)\Microsoft SQL Server\120\DTS\Binn\;C:\Program Files (x86)\Microsoft SQL Server\130\DTS\Binn\;C:\Program Files\MySQL\MySQL Utilities 1.6\;."/>
    <property name="java.specification.name" value="Java Platform API Specification"/>
    <property name="java.class.version" value="52.0"/>
    <property name="sun.management.compiler" value="HotSpot 64-Bit Tiered Compilers"/>
    <property name="os.version" value="6.3"/>
    <property name="user.home" value="C:\Users\LuisHenrique"/>
    <property name="user.timezone" value="GMT-03:00"/>
    <property name="java.awt.printerjob" value="sun.awt.windows.WPrinterJob"/>
    <property name="java.specification.version" value="1.8"/>
    <property name="file.encoding" value="UTF-8"/>
    <property name="user.name" value="LuisHenrique"/>
    <property name="java.class.path" value="C:\Program Files\NetBeans 8.1\java\maven\boot\plexus-classworlds-2.4.jar"/>
    <property name="java.vm.specification.version" value="1.8"/>
    <property name="sun.arch.data.model" value="64"/>
    <property name="java.home" value="C:\Program Files\Java\jdk1.8.0_65\jre"/>
    <property name="sun.java.command" value="org.codehaus.plexus.classworlds.launcher.Launcher -Dmaven.ext.class.path=C:\Program Files\NetBeans 8.1\java\maven-nblib\netbeans-eventspy.jar -Dfile.encoding=UTF-8 install"/>
    <property name="java.specification.vendor" value="Oracle Corporation"/>
    <property name="user.language" value="pt"/>
    <property name="awt.toolkit" value="sun.awt.windows.WToolkit"/>
    <property name="java.vm.info" value="mixed mode"/>
    <property name="java.version" value="1.8.0_65"/>
    <property name="java.ext.dirs" value="C:\Program Files\Java\jdk1.8.0_65\jre\lib\ext;C:\Windows\Sun\Java\lib\ext"/>
    <property name="sun.boot.class.path" value="C:\Program Files\Java\jdk1.8.0_65\jre\lib\resources.jar;C:\Program Files\Java\jdk1.8.0_65\jre\lib\rt.jar;C:\Program Files\Java\jdk1.8.0_65\jre\lib\sunrsasign.jar;C:\Program Files\Java\jdk1.8.0_65\jre\lib\jsse.jar;C:\Program Files\Java\jdk1.8.0_65\jre\lib\jce.jar;C:\Program Files\Java\jdk1.8.0_65\jre\lib\charsets.jar;C:\Program Files\Java\jdk1.8.0_65\jre\lib\jfr.jar;C:\Program Files\Java\jdk1.8.0_65\jre\classes"/>
    <property name="java.vendor" value="Oracle Corporation"/>
    <property name="maven.home" value="C:\Program Files\NetBeans 8.1\java\maven"/>
    <property name="file.separator" value="\"/>
    <property name="java.vendor.url.bug" value="http://bugreport.sun.com/bugreport/"/>
    <property name="sun.cpu.endian" value="little"/>
    <property name="sun.io.unicode.encoding" value="UnicodeLittle"/>
    <property name="sun.desktop" value="windows"/>
    <property name="sun.cpu.isalist" value="amd64"/>
  </properties>
  <testcase classname="sistema.testes.VeterinarioTest" name="atualizaVeterinarioValidoTeste" time="3.088"/>
  <testcase classname="sistema.testes.VeterinarioTest" name="criaVeterinarioValidoTeste" time="1.6"/>
  <testcase classname="sistema.testes.VeterinarioTest" name="atualizaVeterinarioInvalidoTeste" time="1.352"/>
  <testcase classname="sistema.testes.VeterinarioTest" name="deletaVeterinarioTeste" time="1.828"/>
  <testcase classname="sistema.testes.VeterinarioTest" name="selectSqlNativeQueryTeste" time="1.72">
    <error message="Exception [EclipseLink-6044] (Eclipse Persistence Services - 2.5.2.v20140319-9ad6abd): org.eclipse.persistence.exceptions.QueryException
Exception Description: The primary key read from the row [ArrayRecord(
	tb_Veterinario.str_crmv =&gt; 54214554
	tb_Veterinario.str_especialidade =&gt; Cardiaco)] during the execution of the query was detected to be null.  Primary keys must not contain null.
Query: ReadAllQuery(referenceClass=Veterinario sql=&quot;select vet.str_crmv, vet.str_especialidade from tb_veterinario vet join tb_usuario user on vet.id_veterinario = user.id_usuario order by user.str_login&quot;)" type="javax.persistence.PersistenceException">javax.persistence.PersistenceException: Exception [EclipseLink-6044] (Eclipse Persistence Services - 2.5.2.v20140319-9ad6abd): org.eclipse.persistence.exceptions.QueryException
Exception Description: The primary key read from the row [ArrayRecord(
	tb_Veterinario.str_crmv =&gt; 54214554
	tb_Veterinario.str_especialidade =&gt; Cardiaco)] during the execution of the query was detected to be null.  Primary keys must not contain null.
Query: ReadAllQuery(referenceClass=Veterinario sql=&quot;select vet.str_crmv, vet.str_especialidade from tb_veterinario vet join tb_usuario user on vet.id_veterinario = user.id_usuario order by user.str_login&quot;)
	at org.eclipse.persistence.internal.jpa.QueryImpl.getSingleResult(QueryImpl.java:547)
	at org.eclipse.persistence.internal.jpa.EJBQueryImpl.getSingleResult(EJBQueryImpl.java:400)
	at sistema.testes.VeterinarioTest.selectSqlNativeQueryTeste(VeterinarioTest.java:282)
	at sun.reflect.NativeMethodAccessorImpl.invoke0(Native Method)
	at sun.reflect.NativeMethodAccessorImpl.invoke(NativeMethodAccessorImpl.java:62)
	at sun.reflect.DelegatingMethodAccessorImpl.invoke(DelegatingMethodAccessorImpl.java:43)
	at java.lang.reflect.Method.invoke(Method.java:497)
	at org.junit.runners.model.FrameworkMethod$1.runReflectiveCall(FrameworkMethod.java:47)
	at org.junit.internal.runners.model.ReflectiveCallable.run(ReflectiveCallable.java:12)
	at org.junit.runners.model.FrameworkMethod.invokeExplosively(FrameworkMethod.java:44)
	at org.junit.internal.runners.statements.InvokeMethod.evaluate(InvokeMethod.java:17)
	at org.junit.internal.runners.statements.RunBefores.evaluate(RunBefores.java:26)
	at org.junit.internal.runners.statements.RunAfters.evaluate(RunAfters.java:27)
	at org.junit.runners.ParentRunner.runLeaf(ParentRunner.java:271)
	at org.junit.runners.BlockJUnit4ClassRunner.runChild(BlockJUnit4ClassRunner.java:70)
	at org.junit.runners.BlockJUnit4ClassRunner.runChild(BlockJUnit4ClassRunner.java:50)
	at org.junit.runners.ParentRunner$3.run(ParentRunner.java:238)
	at org.junit.runners.ParentRunner$1.schedule(ParentRunner.java:63)
	at org.junit.runners.ParentRunner.runChildren(ParentRunner.java:236)
	at org.junit.runners.ParentRunner.access$000(ParentRunner.java:53)
	at org.junit.runners.ParentRunner$2.evaluate(ParentRunner.java:229)
	at org.junit.internal.runners.statements.RunBefores.evaluate(RunBefores.java:26)
	at org.junit.internal.runners.statements.RunAfters.evaluate(RunAfters.java:27)
	at org.junit.runners.ParentRunner.run(ParentRunner.java:309)
	at org.apache.maven.surefire.junit4.JUnit4TestSet.execute(JUnit4TestSet.java:53)
	at org.apache.maven.surefire.junit4.JUnit4Provider.executeTestSet(JUnit4Provider.java:123)
	at org.apache.maven.surefire.junit4.JUnit4Provider.invoke(JUnit4Provider.java:104)
	at sun.reflect.NativeMethodAccessorImpl.invoke0(Native Method)
	at sun.reflect.NativeMethodAccessorImpl.invoke(NativeMethodAccessorImpl.java:62)
	at sun.reflect.DelegatingMethodAccessorImpl.invoke(DelegatingMethodAccessorImpl.java:43)
	at java.lang.reflect.Method.invoke(Method.java:497)
	at org.apache.maven.surefire.util.ReflectionUtils.invokeMethodWithArray(ReflectionUtils.java:164)
	at org.apache.maven.surefire.booter.ProviderFactory$ProviderProxy.invoke(ProviderFactory.java:110)
	at org.apache.maven.surefire.booter.SurefireStarter.invokeProvider(SurefireStarter.java:175)
	at org.apache.maven.surefire.booter.SurefireStarter.runSuitesInProcessWhenForked(SurefireStarter.java:107)
	at org.apache.maven.surefire.booter.ForkedBooter.main(ForkedBooter.java:68)
Caused by: Exception [EclipseLink-6044] (Eclipse Persistence Services - 2.5.2.v20140319-9ad6abd): org.eclipse.persistence.exceptions.QueryException
Exception Description: The primary key read from the row [ArrayRecord(
	tb_Veterinario.str_crmv =&gt; 54214554
	tb_Veterinario.str_especialidade =&gt; Cardiaco)] during the execution of the query was detected to be null.  Primary keys must not contain null.
Query: ReadAllQuery(referenceClass=Veterinario sql=&quot;select vet.str_crmv, vet.str_especialidade from tb_veterinario vet join tb_usuario user on vet.id_veterinario = user.id_usuario order by user.str_login&quot;)
	at org.eclipse.persistence.exceptions.QueryException.nullPrimaryKeyInBuildingObject(QueryException.java:922)
	at org.eclipse.persistence.internal.descriptors.ObjectBuilder.buildObject(ObjectBuilder.java:715)
	at org.eclipse.persistence.internal.descriptors.ObjectBuilder.buildObject(ObjectBuilder.java:688)
	at org.eclipse.persistence.queries.ObjectLevelReadQuery.buildObject(ObjectLevelReadQuery.java:795)
	at org.eclipse.persistence.queries.ReadAllQuery.registerResultInUnitOfWork(ReadAllQuery.java:890)
	at org.eclipse.persistence.queries.ReadAllQuery.executeObjectLevelReadQuery(ReadAllQuery.java:509)
	at org.eclipse.persistence.queries.ObjectLevelReadQuery.executeDatabaseQuery(ObjectLevelReadQuery.java:1168)
	at org.eclipse.persistence.queries.DatabaseQuery.execute(DatabaseQuery.java:899)
	at org.eclipse.persistence.queries.ObjectLevelReadQuery.execute(ObjectLevelReadQuery.java:1127)
	at org.eclipse.persistence.queries.ReadAllQuery.execute(ReadAllQuery.java:403)
	at org.eclipse.persistence.queries.ObjectLevelReadQuery.executeInUnitOfWork(ObjectLevelReadQuery.java:1215)
	at org.eclipse.persistence.internal.sessions.UnitOfWorkImpl.internalExecuteQuery(UnitOfWorkImpl.java:2896)
	at org.eclipse.persistence.internal.sessions.AbstractSession.executeQuery(AbstractSession.java:1804)
	at org.eclipse.persistence.internal.sessions.AbstractSession.executeQuery(AbstractSession.java:1786)
	at org.eclipse.persistence.internal.sessions.AbstractSession.executeQuery(AbstractSession.java:1751)
	at org.eclipse.persistence.internal.jpa.QueryImpl.executeReadQuery(QueryImpl.java:258)
	at org.eclipse.persistence.internal.jpa.QueryImpl.getSingleResult(QueryImpl.java:517)
	... 35 more
</error>
    <system-out>[EL Fine]: sql: 2017-06-17 10:35:10.132--ClientSession(810864083)--Connection(1051927339)--Thread(Thread[main,5,main])--select vet.str_crmv, vet.str_especialidade from tb_veterinario vet join tb_usuario user on vet.id_veterinario = user.id_usuario order by user.str_login
[EL Warning]: 2017-06-17 10:35:10.132--UnitOfWork(268616862)--Thread(Thread[main,5,main])--Exception [EclipseLink-6044] (Eclipse Persistence Services - 2.5.2.v20140319-9ad6abd): org.eclipse.persistence.exceptions.QueryException
Exception Description: The primary key read from the row [ArrayRecord(
	tb_Veterinario.str_crmv =&gt; 54214554
	tb_Veterinario.str_especialidade =&gt; Cardiaco)] during the execution of the query was detected to be null.  Primary keys must not contain null.
Query: ReadAllQuery(referenceClass=Veterinario sql=&quot;select vet.str_crmv, vet.str_especialidade from tb_veterinario vet join tb_usuario user on vet.id_veterinario = user.id_usuario order by user.str_login&quot;)
ERROR: Transaction rolled back because transaction was set to RollbackOnly.
</system-out>
  </testcase>
  <testcase classname="sistema.testes.VeterinarioTest" name="selectJpqlQueryTeste" time="2.745"/>
  <testcase classname="sistema.testes.VeterinarioTest" name="criaVeterinarioInvalidoTeste" time="1.664">
    <error message="Exception [EclipseLink-4002] (Eclipse Persistence Services - 2.5.2.v20140319-9ad6abd): org.eclipse.persistence.exceptions.DatabaseException
Internal Exception: com.mysql.jdbc.exceptions.jdbc4.MySQLIntegrityConstraintViolationException: Column &apos;str_login&apos; cannot be null
Error Code: 1048
Call: INSERT INTO tb_usuario (str_email, str_login, str_nome, str_senha, fk_endereco, disc_usuario) VALUES (?, ?, ?, ?, ?, ?)
	bind =&gt; [veterinario@vet.com, null, Veterinário Severino, veterinario1234, null, vet]
Query: InsertObjectQuery(com.sistema.model.Veterinario@625c9248)" type="javax.persistence.PersistenceException">javax.persistence.PersistenceException: Exception [EclipseLink-4002] (Eclipse Persistence Services - 2.5.2.v20140319-9ad6abd): org.eclipse.persistence.exceptions.DatabaseException
Internal Exception: com.mysql.jdbc.exceptions.jdbc4.MySQLIntegrityConstraintViolationException: Column &apos;str_login&apos; cannot be null
Error Code: 1048
Call: INSERT INTO tb_usuario (str_email, str_login, str_nome, str_senha, fk_endereco, disc_usuario) VALUES (?, ?, ?, ?, ?, ?)
	bind =&gt; [veterinario@vet.com, null, Veterinário Severino, veterinario1234, null, vet]
Query: InsertObjectQuery(com.sistema.model.Veterinario@625c9248)
	at org.eclipse.persistence.internal.jpa.EntityManagerImpl.flush(EntityManagerImpl.java:868)
	at sistema.testes.VeterinarioTest.criaVeterinarioInvalidoTeste(VeterinarioTest.java:236)
	at sun.reflect.NativeMethodAccessorImpl.invoke0(Native Method)
	at sun.reflect.NativeMethodAccessorImpl.invoke(NativeMethodAccessorImpl.java:62)
	at sun.reflect.DelegatingMethodAccessorImpl.invoke(DelegatingMethodAccessorImpl.java:43)
	at java.lang.reflect.Method.invoke(Method.java:497)
	at org.junit.runners.model.FrameworkMethod$1.runReflectiveCall(FrameworkMethod.java:47)
	at org.junit.internal.runners.model.ReflectiveCallable.run(ReflectiveCallable.java:12)
	at org.junit.runners.model.FrameworkMethod.invokeExplosively(FrameworkMethod.java:44)
	at org.junit.internal.runners.statements.InvokeMethod.evaluate(InvokeMethod.java:17)
	at org.junit.internal.runners.statements.RunBefores.evaluate(RunBefores.java:26)
	at org.junit.internal.runners.statements.RunAfters.evaluate(RunAfters.java:27)
	at org.junit.runners.ParentRunner.runLeaf(ParentRunner.java:271)
	at org.junit.runners.BlockJUnit4ClassRunner.runChild(BlockJUnit4ClassRunner.java:70)
	at org.junit.runners.BlockJUnit4ClassRunner.runChild(BlockJUnit4ClassRunner.java:50)
	at org.junit.runners.ParentRunner$3.run(ParentRunner.java:238)
	at org.junit.runners.ParentRunner$1.schedule(ParentRunner.java:63)
	at org.junit.runners.ParentRunner.runChildren(ParentRunner.java:236)
	at org.junit.runners.ParentRunner.access$000(ParentRunner.java:53)
	at org.junit.runners.ParentRunner$2.evaluate(ParentRunner.java:229)
	at org.junit.internal.runners.statements.RunBefores.evaluate(RunBefores.java:26)
	at org.junit.internal.runners.statements.RunAfters.evaluate(RunAfters.java:27)
	at org.junit.runners.ParentRunner.run(ParentRunner.java:309)
	at org.apache.maven.surefire.junit4.JUnit4TestSet.execute(JUnit4TestSet.java:53)
	at org.apache.maven.surefire.junit4.JUnit4Provider.executeTestSet(JUnit4Provider.java:123)
	at org.apache.maven.surefire.junit4.JUnit4Provider.invoke(JUnit4Provider.java:104)
	at sun.reflect.NativeMethodAccessorImpl.invoke0(Native Method)
	at sun.reflect.NativeMethodAccessorImpl.invoke(NativeMethodAccessorImpl.java:62)
	at sun.reflect.DelegatingMethodAccessorImpl.invoke(DelegatingMethodAccessorImpl.java:43)
	at java.lang.reflect.Method.invoke(Method.java:497)
	at org.apache.maven.surefire.util.ReflectionUtils.invokeMethodWithArray(ReflectionUtils.java:164)
	at org.apache.maven.surefire.booter.ProviderFactory$ProviderProxy.invoke(ProviderFactory.java:110)
	at org.apache.maven.surefire.booter.SurefireStarter.invokeProvider(SurefireStarter.java:175)
	at org.apache.maven.surefire.booter.SurefireStarter.runSuitesInProcessWhenForked(SurefireStarter.java:107)
	at org.apache.maven.surefire.booter.ForkedBooter.main(ForkedBooter.java:68)
Caused by: Exception [EclipseLink-4002] (Eclipse Persistence Services - 2.5.2.v20140319-9ad6abd): org.eclipse.persistence.exceptions.DatabaseException
Internal Exception: com.mysql.jdbc.exceptions.jdbc4.MySQLIntegrityConstraintViolationException: Column &apos;str_login&apos; cannot be null
Error Code: 1048
Call: INSERT INTO tb_usuario (str_email, str_login, str_nome, str_senha, fk_endereco, disc_usuario) VALUES (?, ?, ?, ?, ?, ?)
	bind =&gt; [veterinario@vet.com, null, Veterinário Severino, veterinario1234, null, vet]
Query: InsertObjectQuery(com.sistema.model.Veterinario@625c9248)
	at org.eclipse.persistence.exceptions.DatabaseException.sqlException(DatabaseException.java:331)
	at org.eclipse.persistence.internal.databaseaccess.DatabaseAccessor.executeDirectNoSelect(DatabaseAccessor.java:900)
	at org.eclipse.persistence.internal.databaseaccess.DatabaseAccessor.executeNoSelect(DatabaseAccessor.java:962)
	at org.eclipse.persistence.internal.databaseaccess.DatabaseAccessor.basicExecuteCall(DatabaseAccessor.java:631)
	at org.eclipse.persistence.internal.databaseaccess.DatabaseAccessor.executeCall(DatabaseAccessor.java:558)
	at org.eclipse.persistence.internal.sessions.AbstractSession.basicExecuteCall(AbstractSession.java:2002)
	at org.eclipse.persistence.sessions.server.ClientSession.executeCall(ClientSession.java:298)
	at org.eclipse.persistence.internal.queries.DatasourceCallQueryMechanism.executeCall(DatasourceCallQueryMechanism.java:242)
	at org.eclipse.persistence.internal.queries.DatasourceCallQueryMechanism.insertObject(DatasourceCallQueryMechanism.java:363)
	at org.eclipse.persistence.internal.queries.StatementQueryMechanism.insertObject(StatementQueryMechanism.java:165)
	at org.eclipse.persistence.internal.queries.StatementQueryMechanism.insertObject(StatementQueryMechanism.java:180)
	at org.eclipse.persistence.internal.queries.DatabaseQueryMechanism.insertObjectForWrite(DatabaseQueryMechanism.java:489)
	at org.eclipse.persistence.queries.InsertObjectQuery.executeCommit(InsertObjectQuery.java:80)
	at org.eclipse.persistence.queries.InsertObjectQuery.executeCommitWithChangeSet(InsertObjectQuery.java:90)
	at org.eclipse.persistence.internal.queries.DatabaseQueryMechanism.executeWriteWithChangeSet(DatabaseQueryMechanism.java:301)
	at org.eclipse.persistence.queries.WriteObjectQuery.executeDatabaseQuery(WriteObjectQuery.java:58)
	at org.eclipse.persistence.queries.DatabaseQuery.execute(DatabaseQuery.java:899)
	at org.eclipse.persistence.queries.DatabaseQuery.executeInUnitOfWork(DatabaseQuery.java:798)
	at org.eclipse.persistence.queries.ObjectLevelModifyQuery.executeInUnitOfWorkObjectLevelModifyQuery(ObjectLevelModifyQuery.java:108)
	at org.eclipse.persistence.queries.ObjectLevelModifyQuery.executeInUnitOfWork(ObjectLevelModifyQuery.java:85)
	at org.eclipse.persistence.internal.sessions.UnitOfWorkImpl.internalExecuteQuery(UnitOfWorkImpl.java:2896)
	at org.eclipse.persistence.internal.sessions.AbstractSession.executeQuery(AbstractSession.java:1804)
	at org.eclipse.persistence.internal.sessions.AbstractSession.executeQuery(AbstractSession.java:1786)
	at org.eclipse.persistence.internal.sessions.AbstractSession.executeQuery(AbstractSession.java:1737)
	at org.eclipse.persistence.internal.sessions.CommitManager.commitNewObjectsForClassWithChangeSet(CommitManager.java:226)
	at org.eclipse.persistence.internal.sessions.CommitManager.commitAllObjectsForClassWithChangeSet(CommitManager.java:193)
	at org.eclipse.persistence.internal.sessions.CommitManager.commitAllObjectsWithChangeSet(CommitManager.java:138)
	at org.eclipse.persistence.internal.sessions.AbstractSession.writeAllObjectsWithChangeSet(AbstractSession.java:4207)
	at org.eclipse.persistence.internal.sessions.UnitOfWorkImpl.commitToDatabase(UnitOfWorkImpl.java:1441)
	at org.eclipse.persistence.internal.sessions.UnitOfWorkImpl.commitToDatabaseWithPreBuiltChangeSet(UnitOfWorkImpl.java:1587)
	at org.eclipse.persistence.internal.sessions.RepeatableWriteUnitOfWork.writeChanges(RepeatableWriteUnitOfWork.java:452)
	at org.eclipse.persistence.internal.jpa.EntityManagerImpl.flush(EntityManagerImpl.java:863)
	... 34 more
Caused by: com.mysql.jdbc.exceptions.jdbc4.MySQLIntegrityConstraintViolationException: Column &apos;str_login&apos; cannot be null
	at sun.reflect.NativeConstructorAccessorImpl.newInstance0(Native Method)
	at sun.reflect.NativeConstructorAccessorImpl.newInstance(NativeConstructorAccessorImpl.java:62)
	at sun.reflect.DelegatingConstructorAccessorImpl.newInstance(DelegatingConstructorAccessorImpl.java:45)
	at java.lang.reflect.Constructor.newInstance(Constructor.java:422)
	at com.mysql.jdbc.Util.handleNewInstance(Util.java:377)
	at com.mysql.jdbc.Util.getInstance(Util.java:360)
	at com.mysql.jdbc.SQLError.createSQLException(SQLError.java:971)
	at com.mysql.jdbc.MysqlIO.checkErrorPacket(MysqlIO.java:3887)
	at com.mysql.jdbc.MysqlIO.checkErrorPacket(MysqlIO.java:3823)
	at com.mysql.jdbc.MysqlIO.sendCommand(MysqlIO.java:2435)
	at com.mysql.jdbc.MysqlIO.sqlQueryDirect(MysqlIO.java:2582)
	at com.mysql.jdbc.ConnectionImpl.execSQL(ConnectionImpl.java:2530)
	at com.mysql.jdbc.PreparedStatement.executeInternal(PreparedStatement.java:1907)
	at com.mysql.jdbc.PreparedStatement.executeUpdate(PreparedStatement.java:2141)
	at com.mysql.jdbc.PreparedStatement.executeUpdate(PreparedStatement.java:2077)
	at com.mysql.jdbc.PreparedStatement.executeUpdate(PreparedStatement.java:2062)
	at org.eclipse.persistence.internal.databaseaccess.DatabaseAccessor.executeDirectNoSelect(DatabaseAccessor.java:890)
	... 64 more
</error>
    <system-out>[EL Fine]: sql: 2017-06-17 10:35:14.508--ClientSession(698124016)--Connection(1051927339)--Thread(Thread[main,5,main])--INSERT INTO tb_endereco (str_bairro, str_cep, str_complemento, str_logradouro, int_numero) VALUES (?, ?, ?, ?, ?)
	bind =&gt; [Bairro, 12763818, Perto dali, Avenida, 222]
[EL Fine]: sql: 2017-06-17 10:35:14.508--ClientSession(698124016)--Connection(1051927339)--Thread(Thread[main,5,main])--SELECT LAST_INSERT_ID()
[EL Fine]: sql: 2017-06-17 10:35:14.508--ClientSession(698124016)--Connection(1051927339)--Thread(Thread[main,5,main])--INSERT INTO tb_usuario (str_email, str_login, str_nome, str_senha, fk_endereco, disc_usuario) VALUES (?, ?, ?, ?, ?, ?)
	bind =&gt; [cliente@cli.com, cliente_gastador, Cliente cli, cliente123, 12, cli]
[EL Fine]: sql: 2017-06-17 10:35:14.516--ClientSession(698124016)--Connection(1051927339)--Thread(Thread[main,5,main])--SELECT LAST_INSERT_ID()
[EL Fine]: sql: 2017-06-17 10:35:14.516--ClientSession(698124016)--Connection(1051927339)--Thread(Thread[main,5,main])--INSERT INTO tb_exame (str_descricao, str_nome, str_tipo, dbl_valor) VALUES (?, ?, ?, ?)
	bind =&gt; [Exame de rotina, Rotina, Caro, 300.0]
[EL Fine]: sql: 2017-06-17 10:35:14.516--ClientSession(698124016)--Connection(1051927339)--Thread(Thread[main,5,main])--SELECT LAST_INSERT_ID()
[EL Fine]: sql: 2017-06-17 10:35:14.516--ClientSession(698124016)--Connection(1051927339)--Thread(Thread[main,5,main])--INSERT INTO tb_pet (str_nome, boo_pedegree, flt_peso, str_raca, fk_cliente) VALUES (?, ?, ?, ?, ?)
	bind =&gt; [Tótó, true, 24.0, Labrador, 14]
[EL Fine]: sql: 2017-06-17 10:35:14.516--ClientSession(698124016)--Connection(1051927339)--Thread(Thread[main,5,main])--SELECT LAST_INSERT_ID()
[EL Fine]: sql: 2017-06-17 10:35:14.516--ClientSession(698124016)--Connection(1051927339)--Thread(Thread[main,5,main])--INSERT INTO tb_usuario (str_email, str_login, str_nome, str_senha, fk_endereco, disc_usuario) VALUES (?, ?, ?, ?, ?, ?)
	bind =&gt; [veterinario@vet.com, null, Veterinário Severino, veterinario1234, null, vet]
[EL Fine]: sql: 2017-06-17 10:35:14.524--ClientSession(698124016)--Thread(Thread[main,5,main])--SELECT 1
[EL Warning]: 2017-06-17 10:35:14.524--UnitOfWork(69207690)--Thread(Thread[main,5,main])--Exception [EclipseLink-4002] (Eclipse Persistence Services - 2.5.2.v20140319-9ad6abd): org.eclipse.persistence.exceptions.DatabaseException
Internal Exception: com.mysql.jdbc.exceptions.jdbc4.MySQLIntegrityConstraintViolationException: Column &apos;str_login&apos; cannot be null
Error Code: 1048
Call: INSERT INTO tb_usuario (str_email, str_login, str_nome, str_senha, fk_endereco, disc_usuario) VALUES (?, ?, ?, ?, ?, ?)
	bind =&gt; [veterinario@vet.com, null, Veterinário Severino, veterinario1234, null, vet]
Query: InsertObjectQuery(com.sistema.model.Veterinario@625c9248)
ERROR: Transaction rolled back because transaction was set to RollbackOnly.
</system-out>
  </testcase>
  <testcase classname="sistema.testes.VeterinarioTest" name="deletaVeterinarioQueryTeste" time="2.856">
    <error message="Exception [EclipseLink-4002] (Eclipse Persistence Services - 2.5.2.v20140319-9ad6abd): org.eclipse.persistence.exceptions.DatabaseException
Internal Exception: com.mysql.jdbc.exceptions.jdbc4.MySQLIntegrityConstraintViolationException: Cannot delete or update a parent row: a foreign key constraint fails (`sistemapet`.`tb_consulta_medica`, CONSTRAINT `FK_tb_consulta_medica_fk_veterinario` FOREIGN KEY (`fk_veterinario`) REFERENCES `tb_usuario` (`id_usuario`))
Error Code: 1451
Call: DELETE FROM tb_usuario USING tb_usuario, TL_tb_usuario WHERE tb_usuario.id_usuario = TL_tb_usuario.id_usuario
Query: DeleteAllQuery(referenceClass=Usuario sql=&quot;DELETE FROM TL_tb_usuario&quot;)" type="javax.persistence.PersistenceException">javax.persistence.PersistenceException: Exception [EclipseLink-4002] (Eclipse Persistence Services - 2.5.2.v20140319-9ad6abd): org.eclipse.persistence.exceptions.DatabaseException
Internal Exception: com.mysql.jdbc.exceptions.jdbc4.MySQLIntegrityConstraintViolationException: Cannot delete or update a parent row: a foreign key constraint fails (`sistemapet`.`tb_consulta_medica`, CONSTRAINT `FK_tb_consulta_medica_fk_veterinario` FOREIGN KEY (`fk_veterinario`) REFERENCES `tb_usuario` (`id_usuario`))
Error Code: 1451
Call: DELETE FROM tb_usuario USING tb_usuario, TL_tb_usuario WHERE tb_usuario.id_usuario = TL_tb_usuario.id_usuario
Query: DeleteAllQuery(referenceClass=Usuario sql=&quot;DELETE FROM TL_tb_usuario&quot;)
	at org.eclipse.persistence.internal.jpa.QueryImpl.executeUpdate(QueryImpl.java:308)
	at sistema.testes.VeterinarioTest.deletaVeterinarioQueryTeste(VeterinarioTest.java:346)
	at sun.reflect.NativeMethodAccessorImpl.invoke0(Native Method)
	at sun.reflect.NativeMethodAccessorImpl.invoke(NativeMethodAccessorImpl.java:62)
	at sun.reflect.DelegatingMethodAccessorImpl.invoke(DelegatingMethodAccessorImpl.java:43)
	at java.lang.reflect.Method.invoke(Method.java:497)
	at org.junit.runners.model.FrameworkMethod$1.runReflectiveCall(FrameworkMethod.java:47)
	at org.junit.internal.runners.model.ReflectiveCallable.run(ReflectiveCallable.java:12)
	at org.junit.runners.model.FrameworkMethod.invokeExplosively(FrameworkMethod.java:44)
	at org.junit.internal.runners.statements.InvokeMethod.evaluate(InvokeMethod.java:17)
	at org.junit.internal.runners.statements.RunBefores.evaluate(RunBefores.java:26)
	at org.junit.internal.runners.statements.RunAfters.evaluate(RunAfters.java:27)
	at org.junit.runners.ParentRunner.runLeaf(ParentRunner.java:271)
	at org.junit.runners.BlockJUnit4ClassRunner.runChild(BlockJUnit4ClassRunner.java:70)
	at org.junit.runners.BlockJUnit4ClassRunner.runChild(BlockJUnit4ClassRunner.java:50)
	at org.junit.runners.ParentRunner$3.run(ParentRunner.java:238)
	at org.junit.runners.ParentRunner$1.schedule(ParentRunner.java:63)
	at org.junit.runners.ParentRunner.runChildren(ParentRunner.java:236)
	at org.junit.runners.ParentRunner.access$000(ParentRunner.java:53)
	at org.junit.runners.ParentRunner$2.evaluate(ParentRunner.java:229)
	at org.junit.internal.runners.statements.RunBefores.evaluate(RunBefores.java:26)
	at org.junit.internal.runners.statements.RunAfters.evaluate(RunAfters.java:27)
	at org.junit.runners.ParentRunner.run(ParentRunner.java:309)
	at org.apache.maven.surefire.junit4.JUnit4TestSet.execute(JUnit4TestSet.java:53)
	at org.apache.maven.surefire.junit4.JUnit4Provider.executeTestSet(JUnit4Provider.java:123)
	at org.apache.maven.surefire.junit4.JUnit4Provider.invoke(JUnit4Provider.java:104)
	at sun.reflect.NativeMethodAccessorImpl.invoke0(Native Method)
	at sun.reflect.NativeMethodAccessorImpl.invoke(NativeMethodAccessorImpl.java:62)
	at sun.reflect.DelegatingMethodAccessorImpl.invoke(DelegatingMethodAccessorImpl.java:43)
	at java.lang.reflect.Method.invoke(Method.java:497)
	at org.apache.maven.surefire.util.ReflectionUtils.invokeMethodWithArray(ReflectionUtils.java:164)
	at org.apache.maven.surefire.booter.ProviderFactory$ProviderProxy.invoke(ProviderFactory.java:110)
	at org.apache.maven.surefire.booter.SurefireStarter.invokeProvider(SurefireStarter.java:175)
	at org.apache.maven.surefire.booter.SurefireStarter.runSuitesInProcessWhenForked(SurefireStarter.java:107)
	at org.apache.maven.surefire.booter.ForkedBooter.main(ForkedBooter.java:68)
Caused by: Exception [EclipseLink-4002] (Eclipse Persistence Services - 2.5.2.v20140319-9ad6abd): org.eclipse.persistence.exceptions.DatabaseException
Internal Exception: com.mysql.jdbc.exceptions.jdbc4.MySQLIntegrityConstraintViolationException: Cannot delete or update a parent row: a foreign key constraint fails (`sistemapet`.`tb_consulta_medica`, CONSTRAINT `FK_tb_consulta_medica_fk_veterinario` FOREIGN KEY (`fk_veterinario`) REFERENCES `tb_usuario` (`id_usuario`))
Error Code: 1451
Call: DELETE FROM tb_usuario USING tb_usuario, TL_tb_usuario WHERE tb_usuario.id_usuario = TL_tb_usuario.id_usuario
Query: DeleteAllQuery(referenceClass=Usuario sql=&quot;DELETE FROM TL_tb_usuario&quot;)
	at org.eclipse.persistence.exceptions.DatabaseException.sqlException(DatabaseException.java:331)
	at org.eclipse.persistence.internal.databaseaccess.DatabaseAccessor.executeDirectNoSelect(DatabaseAccessor.java:900)
	at org.eclipse.persistence.internal.databaseaccess.DatabaseAccessor.executeNoSelect(DatabaseAccessor.java:962)
	at org.eclipse.persistence.internal.databaseaccess.DatabaseAccessor.basicExecuteCall(DatabaseAccessor.java:631)
	at org.eclipse.persistence.internal.databaseaccess.DatabaseAccessor.executeCall(DatabaseAccessor.java:558)
	at org.eclipse.persistence.internal.sessions.AbstractSession.basicExecuteCall(AbstractSession.java:2002)
	at org.eclipse.persistence.sessions.server.ClientSession.executeCall(ClientSession.java:298)
	at org.eclipse.persistence.internal.queries.DatasourceCallQueryMechanism.executeCall(DatasourceCallQueryMechanism.java:242)
	at org.eclipse.persistence.internal.queries.DatasourceCallQueryMechanism.deleteAllUsingTempTables(DatasourceCallQueryMechanism.java:169)
	at org.eclipse.persistence.internal.queries.DatasourceCallQueryMechanism.deleteAll(DatasourceCallQueryMechanism.java:114)
	at org.eclipse.persistence.queries.DeleteAllQuery.executeDatabaseQuery(DeleteAllQuery.java:201)
	at org.eclipse.persistence.queries.DatabaseQuery.execute(DatabaseQuery.java:899)
	at org.eclipse.persistence.queries.DatabaseQuery.executeInUnitOfWork(DatabaseQuery.java:798)
	at org.eclipse.persistence.queries.ModifyAllQuery.executeInUnitOfWork(ModifyAllQuery.java:148)
	at org.eclipse.persistence.queries.DeleteAllQuery.executeInUnitOfWork(DeleteAllQuery.java:124)
	at org.eclipse.persistence.internal.sessions.UnitOfWorkImpl.internalExecuteQuery(UnitOfWorkImpl.java:2896)
	at org.eclipse.persistence.internal.sessions.AbstractSession.executeQuery(AbstractSession.java:1804)
	at org.eclipse.persistence.internal.sessions.AbstractSession.executeQuery(AbstractSession.java:1786)
	at org.eclipse.persistence.internal.sessions.AbstractSession.executeQuery(AbstractSession.java:1751)
	at org.eclipse.persistence.internal.jpa.QueryImpl.executeUpdate(QueryImpl.java:298)
	... 34 more
Caused by: com.mysql.jdbc.exceptions.jdbc4.MySQLIntegrityConstraintViolationException: Cannot delete or update a parent row: a foreign key constraint fails (`sistemapet`.`tb_consulta_medica`, CONSTRAINT `FK_tb_consulta_medica_fk_veterinario` FOREIGN KEY (`fk_veterinario`) REFERENCES `tb_usuario` (`id_usuario`))
	at sun.reflect.NativeConstructorAccessorImpl.newInstance0(Native Method)
	at sun.reflect.NativeConstructorAccessorImpl.newInstance(NativeConstructorAccessorImpl.java:62)
	at sun.reflect.DelegatingConstructorAccessorImpl.newInstance(DelegatingConstructorAccessorImpl.java:45)
	at java.lang.reflect.Constructor.newInstance(Constructor.java:422)
	at com.mysql.jdbc.Util.handleNewInstance(Util.java:377)
	at com.mysql.jdbc.Util.getInstance(Util.java:360)
	at com.mysql.jdbc.SQLError.createSQLException(SQLError.java:971)
	at com.mysql.jdbc.MysqlIO.checkErrorPacket(MysqlIO.java:3887)
	at com.mysql.jdbc.MysqlIO.checkErrorPacket(MysqlIO.java:3823)
	at com.mysql.jdbc.MysqlIO.sendCommand(MysqlIO.java:2435)
	at com.mysql.jdbc.MysqlIO.sqlQueryDirect(MysqlIO.java:2582)
	at com.mysql.jdbc.ConnectionImpl.execSQL(ConnectionImpl.java:2530)
	at com.mysql.jdbc.PreparedStatement.executeInternal(PreparedStatement.java:1907)
	at com.mysql.jdbc.PreparedStatement.executeUpdate(PreparedStatement.java:2141)
	at com.mysql.jdbc.PreparedStatement.executeUpdate(PreparedStatement.java:2077)
	at com.mysql.jdbc.PreparedStatement.executeUpdate(PreparedStatement.java:2062)
	at org.eclipse.persistence.internal.databaseaccess.DatabaseAccessor.executeDirectNoSelect(DatabaseAccessor.java:890)
	... 52 more
</error>
    <system-out>[EL Fine]: sql: 2017-06-17 10:35:17.292--ClientSession(597089358)--Connection(1051927339)--Thread(Thread[main,5,main])--CREATE TEMPORARY TABLE IF NOT EXISTS TL_tb_usuario (id_usuario BIGINT NOT NULL, disc_usuario VARCHAR(255), str_email VARCHAR(255), str_login VARCHAR(255), str_nome VARCHAR(255), str_senha VARCHAR(255), fk_endereco BIGINT, PRIMARY KEY (id_usuario))
[EL Fine]: sql: 2017-06-17 10:35:17.292--ClientSession(597089358)--Connection(1051927339)--Thread(Thread[main,5,main])--INSERT INTO TL_tb_usuario (id_usuario) SELECT id_usuario FROM tb_usuario WHERE (id_usuario = ?)
	bind =&gt; [3]
[EL Fine]: sql: 2017-06-17 10:35:17.356--ClientSession(597089358)--Connection(1051927339)--Thread(Thread[main,5,main])--DELETE FROM tb_Veterinario USING tb_Veterinario, TL_tb_usuario WHERE tb_Veterinario.id_veterinario = TL_tb_usuario.id_usuario
[EL Fine]: sql: 2017-06-17 10:35:17.356--ClientSession(597089358)--Connection(1051927339)--Thread(Thread[main,5,main])--DELETE FROM tb_funcionario USING tb_funcionario, TL_tb_usuario WHERE tb_funcionario.id_funcionario = TL_tb_usuario.id_usuario
[EL Fine]: sql: 2017-06-17 10:35:17.356--ClientSession(597089358)--Connection(1051927339)--Thread(Thread[main,5,main])--DELETE FROM tb_cliente USING tb_cliente, TL_tb_usuario WHERE tb_cliente.id_cliente = TL_tb_usuario.id_usuario
[EL Fine]: sql: 2017-06-17 10:35:17.356--ClientSession(597089358)--Connection(1051927339)--Thread(Thread[main,5,main])--DELETE FROM tb_usuario USING tb_usuario, TL_tb_usuario WHERE tb_usuario.id_usuario = TL_tb_usuario.id_usuario
[EL Fine]: sql: 2017-06-17 10:35:17.364--ClientSession(597089358)--Thread(Thread[main,5,main])--SELECT 1
[EL Fine]: sql: 2017-06-17 10:35:17.364--ClientSession(597089358)--Connection(1051927339)--Thread(Thread[main,5,main])--DELETE FROM TL_tb_usuario
[EL Warning]: 2017-06-17 10:35:17.372--UnitOfWork(695628118)--Thread(Thread[main,5,main])--Exception [EclipseLink-4002] (Eclipse Persistence Services - 2.5.2.v20140319-9ad6abd): org.eclipse.persistence.exceptions.DatabaseException
Internal Exception: com.mysql.jdbc.exceptions.jdbc4.MySQLIntegrityConstraintViolationException: Cannot delete or update a parent row: a foreign key constraint fails (`sistemapet`.`tb_consulta_medica`, CONSTRAINT `FK_tb_consulta_medica_fk_veterinario` FOREIGN KEY (`fk_veterinario`) REFERENCES `tb_usuario` (`id_usuario`))
Error Code: 1451
Call: DELETE FROM tb_usuario USING tb_usuario, TL_tb_usuario WHERE tb_usuario.id_usuario = TL_tb_usuario.id_usuario
Query: DeleteAllQuery(referenceClass=Usuario sql=&quot;DELETE FROM TL_tb_usuario&quot;)
ERROR: Transaction rolled back because transaction was set to RollbackOnly.
</system-out>
  </testcase>
  <testcase classname="sistema.testes.VeterinarioTest" name="selectSqlNativeNamedQueryTeste" time="2.08"/>
  <testcase classname="sistema.testes.VeterinarioTest" name="selectJpqlNamedQueryTeste" time="1.768"/>
  <testcase classname="sistema.testes.VeterinarioTest" name="atualizaVeterinarioEmTeste" time="3.006"/>
  <testcase classname="sistema.testes.VeterinarioTest" name="atualizaVeterinarioQueryTeste" time="2.268">
    <failure message="expected:&lt;[6462926]4&gt; but was:&lt;[5421455]4&gt;" type="org.junit.ComparisonFailure">org.junit.ComparisonFailure: expected:&lt;[6462926]4&gt; but was:&lt;[5421455]4&gt;
	at org.junit.Assert.assertEquals(Assert.java:115)
	at org.junit.Assert.assertEquals(Assert.java:144)
	at sistema.testes.VeterinarioTest.atualizaVeterinarioQueryTeste(VeterinarioTest.java:331)
	at sun.reflect.NativeMethodAccessorImpl.invoke0(Native Method)
	at sun.reflect.NativeMethodAccessorImpl.invoke(NativeMethodAccessorImpl.java:62)
	at sun.reflect.DelegatingMethodAccessorImpl.invoke(DelegatingMethodAccessorImpl.java:43)
	at java.lang.reflect.Method.invoke(Method.java:497)
	at org.junit.runners.model.FrameworkMethod$1.runReflectiveCall(FrameworkMethod.java:47)
	at org.junit.internal.runners.model.ReflectiveCallable.run(ReflectiveCallable.java:12)
	at org.junit.runners.model.FrameworkMethod.invokeExplosively(FrameworkMethod.java:44)
	at org.junit.internal.runners.statements.InvokeMethod.evaluate(InvokeMethod.java:17)
	at org.junit.internal.runners.statements.RunBefores.evaluate(RunBefores.java:26)
	at org.junit.internal.runners.statements.RunAfters.evaluate(RunAfters.java:27)
	at org.junit.runners.ParentRunner.runLeaf(ParentRunner.java:271)
	at org.junit.runners.BlockJUnit4ClassRunner.runChild(BlockJUnit4ClassRunner.java:70)
	at org.junit.runners.BlockJUnit4ClassRunner.runChild(BlockJUnit4ClassRunner.java:50)
	at org.junit.runners.ParentRunner$3.run(ParentRunner.java:238)
	at org.junit.runners.ParentRunner$1.schedule(ParentRunner.java:63)
	at org.junit.runners.ParentRunner.runChildren(ParentRunner.java:236)
	at org.junit.runners.ParentRunner.access$000(ParentRunner.java:53)
	at org.junit.runners.ParentRunner$2.evaluate(ParentRunner.java:229)
	at org.junit.internal.runners.statements.RunBefores.evaluate(RunBefores.java:26)
	at org.junit.internal.runners.statements.RunAfters.evaluate(RunAfters.java:27)
	at org.junit.runners.ParentRunner.run(ParentRunner.java:309)
	at org.apache.maven.surefire.junit4.JUnit4TestSet.execute(JUnit4TestSet.java:53)
	at org.apache.maven.surefire.junit4.JUnit4Provider.executeTestSet(JUnit4Provider.java:123)
	at org.apache.maven.surefire.junit4.JUnit4Provider.invoke(JUnit4Provider.java:104)
	at sun.reflect.NativeMethodAccessorImpl.invoke0(Native Method)
	at sun.reflect.NativeMethodAccessorImpl.invoke(NativeMethodAccessorImpl.java:62)
	at sun.reflect.DelegatingMethodAccessorImpl.invoke(DelegatingMethodAccessorImpl.java:43)
	at java.lang.reflect.Method.invoke(Method.java:497)
	at org.apache.maven.surefire.util.ReflectionUtils.invokeMethodWithArray(ReflectionUtils.java:164)
	at org.apache.maven.surefire.booter.ProviderFactory$ProviderProxy.invoke(ProviderFactory.java:110)
	at org.apache.maven.surefire.booter.SurefireStarter.invokeProvider(SurefireStarter.java:175)
	at org.apache.maven.surefire.booter.SurefireStarter.runSuitesInProcessWhenForked(SurefireStarter.java:107)
	at org.apache.maven.surefire.booter.ForkedBooter.main(ForkedBooter.java:68)
</failure>
    <system-out>[EL Fine]: sql: 2017-06-17 10:35:26.422--ClientSession(941456460)--Connection(1051927339)--Thread(Thread[main,5,main])--CREATE TEMPORARY TABLE IF NOT EXISTS TL_tb_Veterinario (id_veterinario BIGINT NOT NULL, str_crmv VARCHAR(255), str_especialidade VARCHAR(255), PRIMARY KEY (id_veterinario))
[EL Fine]: sql: 2017-06-17 10:35:26.462--ClientSession(941456460)--Connection(1051927339)--Thread(Thread[main,5,main])--INSERT INTO TL_tb_Veterinario (id_veterinario, str_crmv) SELECT t0.id_usuario, ? FROM tb_usuario t0, tb_Veterinario t1 WHERE (t1.str_crmv LIKE ? AND ((t1.id_veterinario = t0.id_usuario) AND (t0.disc_usuario = ?)))
	bind =&gt; [64629264, 54214554, vet]
[EL Fine]: sql: 2017-06-17 10:35:26.486--ClientSession(941456460)--Connection(1051927339)--Thread(Thread[main,5,main])--UPDATE tb_Veterinario, TL_tb_Veterinario SET tb_Veterinario.str_crmv = TL_tb_Veterinario.str_crmv WHERE tb_Veterinario.id_veterinario = TL_tb_Veterinario.id_veterinario
[EL Fine]: sql: 2017-06-17 10:35:26.486--ClientSession(941456460)--Connection(1051927339)--Thread(Thread[main,5,main])--DELETE FROM TL_tb_Veterinario
</system-out>
  </testcase>
</testsuite>