<?xml version="1.0" encoding="UTF-8" ?>
<testsuite tests="1" failures="0" name="sistema.testes.VeterinarioTest" time="10.382" errors="1" skipped="0">
  <properties>
    <property name="java.runtime.name" value="Java(TM) SE Runtime Environment"/>
    <property name="sun.boot.library.path" value="C:\Program Files\Java\jdk1.8.0_65\jre\bin"/>
    <property name="java.vm.version" value="25.65-b01"/>
    <property name="java.vm.vendor" value="Oracle Corporation"/>
    <property name="java.vendor.url" value="http://java.oracle.com/"/>
    <property name="path.separator" value=";"/>
    <property name="guice.disable.misplaced.annotation.check" value="true"/>
    <property name="java.vm.name" value="Java HotSpot(TM) 64-Bit Server VM"/>
    <property name="file.encoding.pkg" value="sun.io"/>
    <property name="user.script" value=""/>
    <property name="user.country" value="BR"/>
    <property name="sun.java.launcher" value="SUN_STANDARD"/>
    <property name="sun.os.patch.level" value=""/>
    <property name="test" value="sistema.testes.VeterinarioTest#deletaVeterinarioQueryTeste"/>
    <property name="java.vm.specification.name" value="Java Virtual Machine Specification"/>
    <property name="user.dir" value="C:\Users\Usuario\Documents\Projetos_Github\SourceTree_Projetos\DSC_Allan\Projeto\sistemaPetShop"/>
    <property name="java.runtime.version" value="1.8.0_65-b17"/>
    <property name="java.awt.graphicsenv" value="sun.awt.Win32GraphicsEnvironment"/>
    <property name="java.endorsed.dirs" value="C:\Program Files\Java\jdk1.8.0_65\jre\lib\endorsed"/>
    <property name="os.arch" value="amd64"/>
    <property name="java.io.tmpdir" value="C:\Users\Usuario\AppData\Local\Temp\"/>
    <property name="line.separator" value="
"/>
    <property name="java.vm.specification.vendor" value="Oracle Corporation"/>
    <property name="user.variant" value=""/>
    <property name="os.name" value="Windows 8.1"/>
    <property name="maven.ext.class.path" value="C:\Program Files\NetBeans 8.1\java\maven-nblib\netbeans-eventspy.jar"/>
    <property name="classworlds.conf" value="C:\Program Files\NetBeans 8.1\java\maven\bin\m2.conf"/>
    <property name="sun.jnu.encoding" value="Cp1252"/>
    <property name="java.library.path" value="C:\Program Files\Java\jdk1.8.0_65\bin;C:\Windows\Sun\Java\bin;C:\Windows\system32;C:\Windows;C:\ProgramData\Oracle\Java\javapath;C:\Windows\system32;C:\Windows;C:\Windows\System32\Wbem;C:\Windows\System32\WindowsPowerShell\v1.0\;C:\Program Files (x86)\Windows Live\Shared;C:\cygwin64\bin;C:\MinGW\bin;C:\MinGW\msys\1.0\bin;C:\Program Files\TortoiseSVN\bin;C:\Program Files (x86)\MySQL\MySQL Fabric 1.5 &amp; MySQL Utilities 1.5\;C:\Program Files (x86)\MySQL\MySQL Fabric 1.5 &amp; MySQL Utilities 1.5\Doctrine extensions for PHP\;C:\Program Files (x86)\BaseX\bin;C:\Program Files\Git\cmd;C:\Program Files\nodejs\;C:\HashiCorp\Vagrant\bin;C:\Program Files\TortoiseHg\;C:\Program Files\MiKTeX 2.9\miktex\bin\x64\;C:\Program Files (x86)\Skype\Phone\;c:\Program Files (x86)\Microsoft SQL Server\110\Tools\Binn\;c:\Program Files (x86)\Microsoft SQL Server\110\DTS\Binn\;C:\Users\Usuario\AppData\Roaming\npm;."/>
    <property name="java.specification.name" value="Java Platform API Specification"/>
    <property name="java.class.version" value="52.0"/>
    <property name="sun.management.compiler" value="HotSpot 64-Bit Tiered Compilers"/>
    <property name="os.version" value="6.3"/>
    <property name="user.home" value="C:\Users\Usuario"/>
    <property name="user.timezone" value="America/Sao_Paulo"/>
    <property name="java.awt.printerjob" value="sun.awt.windows.WPrinterJob"/>
    <property name="java.specification.version" value="1.8"/>
    <property name="file.encoding" value="UTF-8"/>
    <property name="user.name" value="Usuario"/>
    <property name="java.class.path" value="C:\Program Files\NetBeans 8.1\java\maven\boot\plexus-classworlds-2.4.jar"/>
    <property name="java.vm.specification.version" value="1.8"/>
    <property name="sun.arch.data.model" value="64"/>
    <property name="java.home" value="C:\Program Files\Java\jdk1.8.0_65\jre"/>
    <property name="sun.java.command" value="org.codehaus.plexus.classworlds.launcher.Launcher -Dtest=sistema.testes.VeterinarioTest#deletaVeterinarioQueryTeste -Dmaven.ext.class.path=C:\Program Files\NetBeans 8.1\java\maven-nblib\netbeans-eventspy.jar -Dfile.encoding=UTF-8 surefire:test"/>
    <property name="java.specification.vendor" value="Oracle Corporation"/>
    <property name="user.language" value="pt"/>
    <property name="awt.toolkit" value="sun.awt.windows.WToolkit"/>
    <property name="java.vm.info" value="mixed mode"/>
    <property name="java.version" value="1.8.0_65"/>
    <property name="java.ext.dirs" value="C:\Program Files\Java\jdk1.8.0_65\jre\lib\ext;C:\Windows\Sun\Java\lib\ext"/>
    <property name="sun.boot.class.path" value="C:\Program Files\Java\jdk1.8.0_65\jre\lib\resources.jar;C:\Program Files\Java\jdk1.8.0_65\jre\lib\rt.jar;C:\Program Files\Java\jdk1.8.0_65\jre\lib\sunrsasign.jar;C:\Program Files\Java\jdk1.8.0_65\jre\lib\jsse.jar;C:\Program Files\Java\jdk1.8.0_65\jre\lib\jce.jar;C:\Program Files\Java\jdk1.8.0_65\jre\lib\charsets.jar;C:\Program Files\Java\jdk1.8.0_65\jre\lib\jfr.jar;C:\Program Files\Java\jdk1.8.0_65\jre\classes"/>
    <property name="java.vendor" value="Oracle Corporation"/>
    <property name="maven.home" value="C:\Program Files\NetBeans 8.1\java\maven"/>
    <property name="file.separator" value="\"/>
    <property name="java.vendor.url.bug" value="http://bugreport.sun.com/bugreport/"/>
    <property name="sun.cpu.endian" value="little"/>
    <property name="sun.io.unicode.encoding" value="UnicodeLittle"/>
    <property name="sun.desktop" value="windows"/>
    <property name="sun.cpu.isalist" value="amd64"/>
  </properties>
  <testcase classname="sistema.testes.VeterinarioTest" name="deletaVeterinarioQueryTeste" time="10.179">
    <error message="Exception [EclipseLink-4002] (Eclipse Persistence Services - 2.5.2.v20140319-9ad6abd): org.eclipse.persistence.exceptions.DatabaseException
Internal Exception: com.mysql.jdbc.exceptions.jdbc4.MySQLIntegrityConstraintViolationException: Cannot delete or update a parent row: a foreign key constraint fails (`sistemapet`.`tb_consulta_medica`, CONSTRAINT `FK_tb_consulta_medica_fk_veterinario` FOREIGN KEY (`fk_veterinario`) REFERENCES `tb_usuario` (`id_usuario`))
Error Code: 1451
Call: DELETE FROM tb_usuario USING tb_usuario, TL_tb_usuario WHERE tb_usuario.id_usuario = TL_tb_usuario.id_usuario
Query: DeleteAllQuery(referenceClass=Usuario sql=&quot;DELETE FROM TL_tb_usuario&quot;)" type="javax.persistence.PersistenceException">javax.persistence.PersistenceException: Exception [EclipseLink-4002] (Eclipse Persistence Services - 2.5.2.v20140319-9ad6abd): org.eclipse.persistence.exceptions.DatabaseException
Internal Exception: com.mysql.jdbc.exceptions.jdbc4.MySQLIntegrityConstraintViolationException: Cannot delete or update a parent row: a foreign key constraint fails (`sistemapet`.`tb_consulta_medica`, CONSTRAINT `FK_tb_consulta_medica_fk_veterinario` FOREIGN KEY (`fk_veterinario`) REFERENCES `tb_usuario` (`id_usuario`))
Error Code: 1451
Call: DELETE FROM tb_usuario USING tb_usuario, TL_tb_usuario WHERE tb_usuario.id_usuario = TL_tb_usuario.id_usuario
Query: DeleteAllQuery(referenceClass=Usuario sql=&quot;DELETE FROM TL_tb_usuario&quot;)
	at org.eclipse.persistence.internal.jpa.QueryImpl.executeUpdate(QueryImpl.java:308)
	at sistema.testes.VeterinarioTest.deletaVeterinarioQueryTeste(VeterinarioTest.java:331)
	at sun.reflect.NativeMethodAccessorImpl.invoke0(Native Method)
	at sun.reflect.NativeMethodAccessorImpl.invoke(NativeMethodAccessorImpl.java:62)
	at sun.reflect.DelegatingMethodAccessorImpl.invoke(DelegatingMethodAccessorImpl.java:43)
	at java.lang.reflect.Method.invoke(Method.java:497)
	at org.junit.runners.model.FrameworkMethod$1.runReflectiveCall(FrameworkMethod.java:47)
	at org.junit.internal.runners.model.ReflectiveCallable.run(ReflectiveCallable.java:12)
	at org.junit.runners.model.FrameworkMethod.invokeExplosively(FrameworkMethod.java:44)
	at org.junit.internal.runners.statements.InvokeMethod.evaluate(InvokeMethod.java:17)
	at org.junit.internal.runners.statements.RunBefores.evaluate(RunBefores.java:26)
	at org.junit.internal.runners.statements.RunAfters.evaluate(RunAfters.java:27)
	at org.junit.runners.ParentRunner.runLeaf(ParentRunner.java:271)
	at org.junit.runners.BlockJUnit4ClassRunner.runChild(BlockJUnit4ClassRunner.java:70)
	at org.junit.runners.BlockJUnit4ClassRunner.runChild(BlockJUnit4ClassRunner.java:50)
	at org.junit.runners.ParentRunner$3.run(ParentRunner.java:238)
	at org.junit.runners.ParentRunner$1.schedule(ParentRunner.java:63)
	at org.junit.runners.ParentRunner.runChildren(ParentRunner.java:236)
	at org.junit.runners.ParentRunner.access$000(ParentRunner.java:53)
	at org.junit.runners.ParentRunner$2.evaluate(ParentRunner.java:229)
	at org.junit.internal.runners.statements.RunBefores.evaluate(RunBefores.java:26)
	at org.junit.internal.runners.statements.RunAfters.evaluate(RunAfters.java:27)
	at org.junit.runners.ParentRunner.run(ParentRunner.java:309)
	at org.apache.maven.surefire.junit4.JUnit4TestSet.execute(JUnit4TestSet.java:45)
	at org.apache.maven.surefire.junit4.JUnit4Provider.executeTestSet(JUnit4Provider.java:123)
	at org.apache.maven.surefire.junit4.JUnit4Provider.invoke(JUnit4Provider.java:104)
	at sun.reflect.NativeMethodAccessorImpl.invoke0(Native Method)
	at sun.reflect.NativeMethodAccessorImpl.invoke(NativeMethodAccessorImpl.java:62)
	at sun.reflect.DelegatingMethodAccessorImpl.invoke(DelegatingMethodAccessorImpl.java:43)
	at java.lang.reflect.Method.invoke(Method.java:497)
	at org.apache.maven.surefire.util.ReflectionUtils.invokeMethodWithArray(ReflectionUtils.java:164)
	at org.apache.maven.surefire.booter.ProviderFactory$ProviderProxy.invoke(ProviderFactory.java:110)
	at org.apache.maven.surefire.booter.SurefireStarter.invokeProvider(SurefireStarter.java:175)
	at org.apache.maven.surefire.booter.SurefireStarter.runSuitesInProcessWhenForked(SurefireStarter.java:107)
	at org.apache.maven.surefire.booter.ForkedBooter.main(ForkedBooter.java:68)
Caused by: Exception [EclipseLink-4002] (Eclipse Persistence Services - 2.5.2.v20140319-9ad6abd): org.eclipse.persistence.exceptions.DatabaseException
Internal Exception: com.mysql.jdbc.exceptions.jdbc4.MySQLIntegrityConstraintViolationException: Cannot delete or update a parent row: a foreign key constraint fails (`sistemapet`.`tb_consulta_medica`, CONSTRAINT `FK_tb_consulta_medica_fk_veterinario` FOREIGN KEY (`fk_veterinario`) REFERENCES `tb_usuario` (`id_usuario`))
Error Code: 1451
Call: DELETE FROM tb_usuario USING tb_usuario, TL_tb_usuario WHERE tb_usuario.id_usuario = TL_tb_usuario.id_usuario
Query: DeleteAllQuery(referenceClass=Usuario sql=&quot;DELETE FROM TL_tb_usuario&quot;)
	at org.eclipse.persistence.exceptions.DatabaseException.sqlException(DatabaseException.java:331)
	at org.eclipse.persistence.internal.databaseaccess.DatabaseAccessor.executeDirectNoSelect(DatabaseAccessor.java:900)
	at org.eclipse.persistence.internal.databaseaccess.DatabaseAccessor.executeNoSelect(DatabaseAccessor.java:962)
	at org.eclipse.persistence.internal.databaseaccess.DatabaseAccessor.basicExecuteCall(DatabaseAccessor.java:631)
	at org.eclipse.persistence.internal.databaseaccess.DatabaseAccessor.executeCall(DatabaseAccessor.java:558)
	at org.eclipse.persistence.internal.sessions.AbstractSession.basicExecuteCall(AbstractSession.java:2002)
	at org.eclipse.persistence.sessions.server.ClientSession.executeCall(ClientSession.java:298)
	at org.eclipse.persistence.internal.queries.DatasourceCallQueryMechanism.executeCall(DatasourceCallQueryMechanism.java:242)
	at org.eclipse.persistence.internal.queries.DatasourceCallQueryMechanism.deleteAllUsingTempTables(DatasourceCallQueryMechanism.java:169)
	at org.eclipse.persistence.internal.queries.DatasourceCallQueryMechanism.deleteAll(DatasourceCallQueryMechanism.java:114)
	at org.eclipse.persistence.queries.DeleteAllQuery.executeDatabaseQuery(DeleteAllQuery.java:201)
	at org.eclipse.persistence.queries.DatabaseQuery.execute(DatabaseQuery.java:899)
	at org.eclipse.persistence.queries.DatabaseQuery.executeInUnitOfWork(DatabaseQuery.java:798)
	at org.eclipse.persistence.queries.ModifyAllQuery.executeInUnitOfWork(ModifyAllQuery.java:148)
	at org.eclipse.persistence.queries.DeleteAllQuery.executeInUnitOfWork(DeleteAllQuery.java:124)
	at org.eclipse.persistence.internal.sessions.UnitOfWorkImpl.internalExecuteQuery(UnitOfWorkImpl.java:2896)
	at org.eclipse.persistence.internal.sessions.AbstractSession.executeQuery(AbstractSession.java:1804)
	at org.eclipse.persistence.internal.sessions.AbstractSession.executeQuery(AbstractSession.java:1786)
	at org.eclipse.persistence.internal.sessions.AbstractSession.executeQuery(AbstractSession.java:1751)
	at org.eclipse.persistence.internal.jpa.QueryImpl.executeUpdate(QueryImpl.java:298)
	... 34 more
Caused by: com.mysql.jdbc.exceptions.jdbc4.MySQLIntegrityConstraintViolationException: Cannot delete or update a parent row: a foreign key constraint fails (`sistemapet`.`tb_consulta_medica`, CONSTRAINT `FK_tb_consulta_medica_fk_veterinario` FOREIGN KEY (`fk_veterinario`) REFERENCES `tb_usuario` (`id_usuario`))
	at sun.reflect.NativeConstructorAccessorImpl.newInstance0(Native Method)
	at sun.reflect.NativeConstructorAccessorImpl.newInstance(NativeConstructorAccessorImpl.java:62)
	at sun.reflect.DelegatingConstructorAccessorImpl.newInstance(DelegatingConstructorAccessorImpl.java:45)
	at java.lang.reflect.Constructor.newInstance(Constructor.java:422)
	at com.mysql.jdbc.Util.handleNewInstance(Util.java:377)
	at com.mysql.jdbc.Util.getInstance(Util.java:360)
	at com.mysql.jdbc.SQLError.createSQLException(SQLError.java:971)
	at com.mysql.jdbc.MysqlIO.checkErrorPacket(MysqlIO.java:3887)
	at com.mysql.jdbc.MysqlIO.checkErrorPacket(MysqlIO.java:3823)
	at com.mysql.jdbc.MysqlIO.sendCommand(MysqlIO.java:2435)
	at com.mysql.jdbc.MysqlIO.sqlQueryDirect(MysqlIO.java:2582)
	at com.mysql.jdbc.ConnectionImpl.execSQL(ConnectionImpl.java:2530)
	at com.mysql.jdbc.PreparedStatement.executeInternal(PreparedStatement.java:1907)
	at com.mysql.jdbc.PreparedStatement.executeUpdate(PreparedStatement.java:2141)
	at com.mysql.jdbc.PreparedStatement.executeUpdate(PreparedStatement.java:2077)
	at com.mysql.jdbc.PreparedStatement.executeUpdate(PreparedStatement.java:2062)
	at org.eclipse.persistence.internal.databaseaccess.DatabaseAccessor.executeDirectNoSelect(DatabaseAccessor.java:890)
	... 52 more
</error>
    <system-out>[EL Config]: metadata: 2017-05-06 00:47:44.349--ServerSession(1282811396)--Thread(Thread[main,5,main])--The target entity (reference) class for the one to one mapping element [field endereco] is being defaulted to: class com.sistema.model.Endereco.
[EL Config]: metadata: 2017-05-06 00:47:44.367--ServerSession(1282811396)--Thread(Thread[main,5,main])--The target entity (reference) class for the one to many mapping element [field listaConsultaGeral] is being defaulted to: class com.sistema.model.ConsultaGeral.
[EL Config]: metadata: 2017-05-06 00:47:44.368--ServerSession(1282811396)--Thread(Thread[main,5,main])--The target entity (reference) class for the many to one mapping element [field exame] is being defaulted to: class com.sistema.model.Exame.
[EL Config]: metadata: 2017-05-06 00:47:44.369--ServerSession(1282811396)--Thread(Thread[main,5,main])--The target entity (reference) class for the many to one mapping element [field veterinario] is being defaulted to: class com.sistema.model.Veterinario.
[EL Config]: metadata: 2017-05-06 00:47:44.369--ServerSession(1282811396)--Thread(Thread[main,5,main])--The target entity (reference) class for the many to one mapping element [field pet] is being defaulted to: class com.sistema.model.Pet.
[EL Config]: metadata: 2017-05-06 00:47:44.37--ServerSession(1282811396)--Thread(Thread[main,5,main])--The access type for the persistent class [class com.sistema.model.Veterinario] is set to [FIELD].
[EL Config]: metadata: 2017-05-06 00:47:44.371--ServerSession(1282811396)--Thread(Thread[main,5,main])--The target entity (reference) class for the one to many mapping element [field ListaConsultaMedica] is being defaulted to: class com.sistema.model.ConsultaMedica.
[EL Config]: metadata: 2017-05-06 00:47:44.371--ServerSession(1282811396)--Thread(Thread[main,5,main])--The target entity (reference) class for the many to one mapping element [field cliente] is being defaulted to: class com.sistema.model.Cliente.
[EL Config]: metadata: 2017-05-06 00:47:44.373--ServerSession(1282811396)--Thread(Thread[main,5,main])--The target entity (reference) class for the one to many mapping element [field listaConsultaGeral] is being defaulted to: class com.sistema.model.ConsultaGeral.
[EL Config]: metadata: 2017-05-06 00:47:44.374--ServerSession(1282811396)--Thread(Thread[main,5,main])--The access type for the persistent class [class com.sistema.model.Pet] is set to [FIELD].
[EL Config]: metadata: 2017-05-06 00:47:44.374--ServerSession(1282811396)--Thread(Thread[main,5,main])--The target entity (reference) class for the many to one mapping element [field cliente] is being defaulted to: class com.sistema.model.Cliente.
[EL Config]: metadata: 2017-05-06 00:47:44.375--ServerSession(1282811396)--Thread(Thread[main,5,main])--The target entity (reference) class for the one to many mapping element [field ListaConsultaMedica] is being defaulted to: class com.sistema.model.ConsultaMedica.
[EL Config]: metadata: 2017-05-06 00:47:44.377--ServerSession(1282811396)--Thread(Thread[main,5,main])--The target entity (reference) class for the many to one mapping element [field funcionario] is being defaulted to: class com.sistema.model.Funcionario.
[EL Config]: metadata: 2017-05-06 00:47:44.377--ServerSession(1282811396)--Thread(Thread[main,5,main])--The target entity (reference) class for the many to one mapping element [field servico] is being defaulted to: class com.sistema.model.Servico.
[EL Config]: metadata: 2017-05-06 00:47:44.378--ServerSession(1282811396)--Thread(Thread[main,5,main])--The target entity (reference) class for the one to many mapping element [field listaConsultaMedica] is being defaulted to: class com.sistema.model.ConsultaMedica.
[EL Config]: metadata: 2017-05-06 00:47:44.379--ServerSession(1282811396)--Thread(Thread[main,5,main])--The target entity (reference) class for the one to many mapping element [field cartao] is being defaulted to: class com.sistema.model.Cartao.
[EL Config]: metadata: 2017-05-06 00:47:44.38--ServerSession(1282811396)--Thread(Thread[main,5,main])--The target entity (reference) class for the one to many mapping element [field listaPet] is being defaulted to: class com.sistema.model.Pet.
[EL Config]: metadata: 2017-05-06 00:47:44.381--ServerSession(1282811396)--Thread(Thread[main,5,main])--The target entity (reference) class for the one to one mapping element [field usuario] is being defaulted to: class com.sistema.model.Usuario.
[EL Config]: metadata: 2017-05-06 00:47:44.382--ServerSession(1282811396)--Thread(Thread[main,5,main])--The alias name for the entity class [class com.sistema.model.Consulta] is being defaulted to: Consulta.
[EL Config]: metadata: 2017-05-06 00:47:44.415--ServerSession(1282811396)--Thread(Thread[main,5,main])--The alias name for the entity class [class com.sistema.model.Funcionario] is being defaulted to: Funcionario.
[EL Config]: metadata: 2017-05-06 00:47:44.415--ServerSession(1282811396)--Thread(Thread[main,5,main])--The alias name for the entity class [class com.sistema.model.Usuario] is being defaulted to: Usuario.
[EL Config]: metadata: 2017-05-06 00:47:44.418--ServerSession(1282811396)--Thread(Thread[main,5,main])--The alias name for the entity class [class com.sistema.model.ConsultaMedica] is being defaulted to: ConsultaMedica.
[EL Config]: metadata: 2017-05-06 00:47:44.421--ServerSession(1282811396)--Thread(Thread[main,5,main])--The alias name for the entity class [class com.sistema.model.Veterinario] is being defaulted to: Veterinario.
[EL Config]: metadata: 2017-05-06 00:47:44.424--ServerSession(1282811396)--Thread(Thread[main,5,main])--The alias name for the entity class [class com.sistema.model.Cartao] is being defaulted to: Cartao.
[EL Config]: metadata: 2017-05-06 00:47:44.424--ServerSession(1282811396)--Thread(Thread[main,5,main])--The alias name for the entity class [class com.sistema.model.Servico] is being defaulted to: Servico.
[EL Config]: metadata: 2017-05-06 00:47:44.425--ServerSession(1282811396)--Thread(Thread[main,5,main])--The alias name for the entity class [class com.sistema.model.Pet] is being defaulted to: Pet.
[EL Config]: metadata: 2017-05-06 00:47:44.426--ServerSession(1282811396)--Thread(Thread[main,5,main])--The alias name for the entity class [class com.sistema.model.ConsultaGeral] is being defaulted to: ConsultaGeral.
[EL Config]: metadata: 2017-05-06 00:47:44.426--ServerSession(1282811396)--Thread(Thread[main,5,main])--The alias name for the entity class [class com.sistema.model.Exame] is being defaulted to: Exame.
[EL Config]: metadata: 2017-05-06 00:47:44.427--ServerSession(1282811396)--Thread(Thread[main,5,main])--The alias name for the entity class [class com.sistema.model.Cliente] is being defaulted to: Cliente.
[EL Config]: metadata: 2017-05-06 00:47:44.428--ServerSession(1282811396)--Thread(Thread[main,5,main])--The alias name for the entity class [class com.sistema.model.Endereco] is being defaulted to: Endereco.
[EL Info]: 2017-05-06 00:47:52.428--ServerSession(1282811396)--Thread(Thread[main,5,main])--EclipseLink, version: Eclipse Persistence Services - 2.5.2.v20140319-9ad6abd
[EL Fine]: connection: 2017-05-06 00:47:52.485--Thread(Thread[main,5,main])--Detected database platform: org.eclipse.persistence.platform.database.MySQLPlatform
[EL Config]: connection: 2017-05-06 00:47:52.512--ServerSession(1282811396)--Connection(1753885705)--Thread(Thread[main,5,main])--connecting(DatabaseLogin(
	platform=&gt;MySQLPlatform
	user name=&gt; &quot;root&quot;
	datasource URL=&gt; &quot;jdbc:mysql://localhost:3306/sistemapet?zeroDateTimeBehavior=convertToNull&quot;
))
[EL Config]: connection: 2017-05-06 00:47:52.586--ServerSession(1282811396)--Connection(2083071191)--Thread(Thread[main,5,main])--Connected: jdbc:mysql://localhost:3306/sistemapet?zeroDateTimeBehavior=convertToNull
	User: root@localhost
	Database: MySQL  Version: 5.7.10-log
	Driver: MySQL Connector Java  Version: mysql-connector-java-5.1.34 ( Revision: jess.balint@oracle.com-20141014163213-wqbwpf1ok2kvo1om )
[EL Warning]: metadata: 2017-05-06 00:47:52.611--ServerSession(1282811396)--Thread(Thread[main,5,main])--Reverting the lazy setting on the OneToOne or ManyToOne attribute [funcionario] for the entity class [class com.sistema.model.ConsultaGeral] since weaving was not enabled or did not occur.
[EL Warning]: metadata: 2017-05-06 00:47:52.612--ServerSession(1282811396)--Thread(Thread[main,5,main])--Reverting the lazy setting on the OneToOne or ManyToOne attribute [servico] for the entity class [class com.sistema.model.ConsultaGeral] since weaving was not enabled or did not occur.
[EL Warning]: metadata: 2017-05-06 00:47:52.663--ServerSession(1282811396)--Thread(Thread[main,5,main])--Reverting the lazy setting on the OneToOne or ManyToOne attribute [endereco] for the entity class [class com.sistema.model.Usuario] since weaving was not enabled or did not occur.
[EL Warning]: metadata: 2017-05-06 00:47:52.664--ServerSession(1282811396)--Thread(Thread[main,5,main])--Reverting the lazy setting on the OneToOne or ManyToOne attribute [usuario] for the entity class [class com.sistema.model.Endereco] since weaving was not enabled or did not occur.
[EL Warning]: metadata: 2017-05-06 00:47:52.687--ServerSession(1282811396)--Thread(Thread[main,5,main])--Reverting the lazy setting on the OneToOne or ManyToOne attribute [exame] for the entity class [class com.sistema.model.ConsultaMedica] since weaving was not enabled or did not occur.
[EL Warning]: metadata: 2017-05-06 00:47:52.689--ServerSession(1282811396)--Thread(Thread[main,5,main])--Reverting the lazy setting on the OneToOne or ManyToOne attribute [veterinario] for the entity class [class com.sistema.model.ConsultaMedica] since weaving was not enabled or did not occur.
[EL Warning]: metadata: 2017-05-06 00:47:52.689--ServerSession(1282811396)--Thread(Thread[main,5,main])--Reverting the lazy setting on the OneToOne or ManyToOne attribute [pet] for the entity class [class com.sistema.model.ConsultaMedica] since weaving was not enabled or did not occur.
[EL Warning]: metadata: 2017-05-06 00:47:52.703--ServerSession(1282811396)--Thread(Thread[main,5,main])--Reverting the lazy setting on the OneToOne or ManyToOne attribute [cliente] for the entity class [class com.sistema.model.Cartao] since weaving was not enabled or did not occur.
[EL Warning]: metadata: 2017-05-06 00:47:52.704--ServerSession(1282811396)--Thread(Thread[main,5,main])--Reverting the lazy setting on the OneToOne or ManyToOne attribute [cliente] for the entity class [class com.sistema.model.Pet] since weaving was not enabled or did not occur.
[EL Info]: connection: 2017-05-06 00:47:53.094--ServerSession(1282811396)--Thread(Thread[main,5,main])--file:/C:/Users/Usuario/Documents/Projetos_Github/SourceTree_Projetos/DSC_Allan/Projeto/sistemaPetShop/target/classes/_sistemapetshopPU login successful
[EL Fine]: sql: 2017-05-06 00:47:53.362--ClientSession(840737335)--Connection(2083071191)--Thread(Thread[main,5,main])--CREATE TEMPORARY TABLE IF NOT EXISTS TL_tb_usuario (id_usuario BIGINT NOT NULL, disc_usuario VARCHAR(255), str_email VARCHAR(255), str_login VARCHAR(255), str_nome VARCHAR(255), str_senha VARCHAR(255), fk_endereco BIGINT, PRIMARY KEY (id_usuario))
[EL Fine]: sql: 2017-05-06 00:47:53.386--ClientSession(840737335)--Connection(2083071191)--Thread(Thread[main,5,main])--INSERT INTO TL_tb_usuario (id_usuario) SELECT id_usuario FROM tb_usuario WHERE (id_usuario = ?)
	bind =&gt; [3]
[EL Fine]: sql: 2017-05-06 00:47:53.389--ClientSession(840737335)--Connection(2083071191)--Thread(Thread[main,5,main])--DELETE FROM tb_funcionario USING tb_funcionario, TL_tb_usuario WHERE tb_funcionario.id_funcionario = TL_tb_usuario.id_usuario
[EL Fine]: sql: 2017-05-06 00:47:53.391--ClientSession(840737335)--Connection(2083071191)--Thread(Thread[main,5,main])--DELETE FROM tb_cliente USING tb_cliente, TL_tb_usuario WHERE tb_cliente.id_cliente = TL_tb_usuario.id_usuario
[EL Fine]: sql: 2017-05-06 00:47:53.393--ClientSession(840737335)--Connection(2083071191)--Thread(Thread[main,5,main])--DELETE FROM tb_Veterinario USING tb_Veterinario, TL_tb_usuario WHERE tb_Veterinario.id_veterinario = TL_tb_usuario.id_usuario
[EL Fine]: sql: 2017-05-06 00:47:53.441--ClientSession(840737335)--Connection(2083071191)--Thread(Thread[main,5,main])--DELETE FROM tb_usuario USING tb_usuario, TL_tb_usuario WHERE tb_usuario.id_usuario = TL_tb_usuario.id_usuario
[EL Fine]: sql: 2017-05-06 00:47:53.462--ClientSession(840737335)--Thread(Thread[main,5,main])--SELECT 1
[EL Fine]: sql: 2017-05-06 00:47:53.464--ClientSession(840737335)--Connection(2083071191)--Thread(Thread[main,5,main])--DELETE FROM TL_tb_usuario
[EL Warning]: 2017-05-06 00:47:53.465--UnitOfWork(397416108)--Thread(Thread[main,5,main])--Exception [EclipseLink-4002] (Eclipse Persistence Services - 2.5.2.v20140319-9ad6abd): org.eclipse.persistence.exceptions.DatabaseException
Internal Exception: com.mysql.jdbc.exceptions.jdbc4.MySQLIntegrityConstraintViolationException: Cannot delete or update a parent row: a foreign key constraint fails (`sistemapet`.`tb_consulta_medica`, CONSTRAINT `FK_tb_consulta_medica_fk_veterinario` FOREIGN KEY (`fk_veterinario`) REFERENCES `tb_usuario` (`id_usuario`))
Error Code: 1451
Call: DELETE FROM tb_usuario USING tb_usuario, TL_tb_usuario WHERE tb_usuario.id_usuario = TL_tb_usuario.id_usuario
Query: DeleteAllQuery(referenceClass=Usuario sql=&quot;DELETE FROM TL_tb_usuario&quot;)
ERROR: Transaction rolled back because transaction was set to RollbackOnly.
</system-out>
    <system-err>mai 06, 2017 12:47:50 AM org.hibernate.validator.internal.util.Version &lt;clinit&gt;
INFO: HV000001: Hibernate Validator 5.1.3.Final
</system-err>
  </testcase>
</testsuite>